0 verbose cli /usr/bin/node /opt/app-root/src/node_modules/.bin/npm
1 info using npm@9.1.3
2 info using node@v18.12.1
3 timing npm:load:whichnode Completed in 0ms
4 timing config:load:defaults Completed in 3ms
5 timing config:load:file:/opt/app-root/src/node_modules/npm/npmrc Completed in 2ms
6 timing config:load:builtin Completed in 2ms
7 timing config:load:cli Completed in 1ms
8 timing config:load:env Completed in 0ms
9 timing config:load:project Completed in 5ms
10 timing config:load:file:/opt/app-root/src/.npmrc Completed in 3ms
11 timing config:load:user Completed in 3ms
12 timing config:load:file:/opt/app-root/src/.npm-global/etc/npmrc Completed in 0ms
13 timing config:load:global Completed in 0ms
14 timing config:load:setEnvs Completed in 1ms
15 timing config:load Completed in 16ms
16 timing npm:load:configload Completed in 16ms
17 timing npm:load:mkdirpcache Completed in 2ms
18 timing npm:load:mkdirplogs Completed in 2ms
19 verbose title npm install
20 verbose argv "install"
21 timing npm:load:setTitle Completed in 1ms
22 timing config:load:flatten Completed in 2ms
23 timing npm:load:display Completed in 3ms
24 verbose logfile logs-max:10 dir:/opt/app-root/src/.npm/_logs/2023-02-20T22_16_17_934Z-
25 verbose logfile /opt/app-root/src/.npm/_logs/2023-02-20T22_16_17_934Z-debug-0.log
26 timing npm:load:logFile Completed in 33ms
27 timing npm:load:timers Completed in 0ms
28 timing npm:load:configScope Completed in 0ms
29 timing npm:load Completed in 58ms
30 silly logfile start cleaning logs, removing 1 files
31 timing config:load:flatten Completed in 1ms
32 timing arborist:ctor Completed in 0ms
33 silly logfile done cleaning log files
34 timing idealTree:init Completed in 288ms
35 timing idealTree:userRequests Completed in 0ms
36 silly idealTree buildDeps
37 timing idealTree:#root Completed in 0ms
38 timing idealTree:buildDeps Completed in 2ms
39 timing idealTree:fixDepFlags Completed in 0ms
40 warn EBADENGINE Unsupported engine {
40 warn EBADENGINE   package: 'nodejsexpressapp@1.0.0',
40 warn EBADENGINE   required: { node: '^19.0.0' },
40 warn EBADENGINE   current: { node: 'v18.12.1', npm: '9.1.3' }
40 warn EBADENGINE }
41 timing idealTree Completed in 303ms
42 timing arborist:ctor Completed in 0ms
43 timing reify:loadTrees Completed in 2639ms
44 timing reify:diffTrees Completed in 165ms
45 silly reify moves {}
46 timing reify:retireShallow Completed in 0ms
47 timing reify:createSparse Completed in 0ms
48 timing reify:loadBundles Completed in 0ms
49 silly audit bulk request {
49 silly audit   '@aws-crypto/ie11-detection': [ '3.0.0' ],
49 silly audit   tslib: [ '1.14.1', '2.5.0' ],
49 silly audit   '@aws-crypto/sha256-browser': [ '3.0.0' ],
49 silly audit   '@aws-crypto/sha256-js': [ '3.0.0' ],
49 silly audit   '@aws-crypto/supports-web-crypto': [ '3.0.0' ],
49 silly audit   '@aws-crypto/util': [ '3.0.0' ],
49 silly audit   '@aws-sdk/abort-controller': [ '3.257.0' ],
49 silly audit   '@aws-sdk/client-cognito-identity': [ '3.264.0' ],
49 silly audit   '@aws-sdk/client-sso': [ '3.264.0' ],
49 silly audit   '@aws-sdk/client-sso-oidc': [ '3.264.0' ],
49 silly audit   '@aws-sdk/client-sts': [ '3.264.0' ],
49 silly audit   '@aws-sdk/config-resolver': [ '3.259.0' ],
49 silly audit   '@aws-sdk/credential-provider-cognito-identity': [ '3.264.0' ],
49 silly audit   '@aws-sdk/credential-provider-env': [ '3.257.0' ],
49 silly audit   '@aws-sdk/credential-provider-imds': [ '3.259.0' ],
49 silly audit   '@aws-sdk/credential-provider-ini': [ '3.264.0' ],
49 silly audit   '@aws-sdk/credential-provider-node': [ '3.264.0' ],
49 silly audit   '@aws-sdk/credential-provider-process': [ '3.257.0' ],
49 silly audit   '@aws-sdk/credential-provider-sso': [ '3.264.0' ],
49 silly audit   '@aws-sdk/credential-provider-web-identity': [ '3.257.0' ],
49 silly audit   '@aws-sdk/credential-providers': [ '3.264.0' ],
49 silly audit   '@aws-sdk/fetch-http-handler': [ '3.257.0' ],
49 silly audit   '@aws-sdk/hash-node': [ '3.257.0' ],
49 silly audit   '@aws-sdk/invalid-dependency': [ '3.257.0' ],
49 silly audit   '@aws-sdk/is-array-buffer': [ '3.201.0' ],
49 silly audit   '@aws-sdk/middleware-content-length': [ '3.257.0' ],
49 silly audit   '@aws-sdk/middleware-endpoint': [ '3.264.0' ],
49 silly audit   '@aws-sdk/middleware-host-header': [ '3.257.0' ],
49 silly audit   '@aws-sdk/middleware-logger': [ '3.257.0' ],
49 silly audit   '@aws-sdk/middleware-recursion-detection': [ '3.257.0' ],
49 silly audit   '@aws-sdk/middleware-retry': [ '3.259.0' ],
49 silly audit   '@aws-sdk/middleware-sdk-sts': [ '3.257.0' ],
49 silly audit   '@aws-sdk/middleware-serde': [ '3.257.0' ],
49 silly audit   '@aws-sdk/middleware-signing': [ '3.257.0' ],
49 silly audit   '@aws-sdk/middleware-stack': [ '3.257.0' ],
49 silly audit   '@aws-sdk/middleware-user-agent': [ '3.257.0' ],
49 silly audit   '@aws-sdk/node-config-provider': [ '3.259.0' ],
49 silly audit   '@aws-sdk/node-http-handler': [ '3.257.0' ],
49 silly audit   '@aws-sdk/property-provider': [ '3.257.0' ],
49 silly audit   '@aws-sdk/protocol-http': [ '3.257.0' ],
49 silly audit   '@aws-sdk/querystring-builder': [ '3.257.0' ],
49 silly audit   '@aws-sdk/querystring-parser': [ '3.257.0' ],
49 silly audit   '@aws-sdk/service-error-classification': [ '3.257.0' ],
49 silly audit   '@aws-sdk/shared-ini-file-loader': [ '3.257.0' ],
49 silly audit   '@aws-sdk/signature-v4': [ '3.257.0' ],
49 silly audit   '@aws-sdk/smithy-client': [ '3.261.0' ],
49 silly audit   '@aws-sdk/token-providers': [ '3.264.0' ],
49 silly audit   '@aws-sdk/types': [ '3.257.0' ],
49 silly audit   '@aws-sdk/url-parser': [ '3.257.0' ],
49 silly audit   '@aws-sdk/util-base64': [ '3.208.0' ],
49 silly audit   '@aws-sdk/util-body-length-browser': [ '3.188.0' ],
49 silly audit   '@aws-sdk/util-body-length-node': [ '3.208.0' ],
49 silly audit   '@aws-sdk/util-buffer-from': [ '3.208.0' ],
49 silly audit   '@aws-sdk/util-config-provider': [ '3.208.0' ],
49 silly audit   '@aws-sdk/util-defaults-mode-browser': [ '3.261.0' ],
49 silly audit   '@aws-sdk/util-defaults-mode-node': [ '3.261.0' ],
49 silly audit   '@aws-sdk/util-endpoints': [ '3.257.0' ],
49 silly audit   '@aws-sdk/util-hex-encoding': [ '3.201.0' ],
49 silly audit   '@aws-sdk/util-locate-window': [ '3.208.0' ],
49 silly audit   '@aws-sdk/util-middleware': [ '3.257.0' ],
49 silly audit   '@aws-sdk/util-retry': [ '3.257.0' ],
49 silly audit   '@aws-sdk/util-uri-escape': [ '3.201.0' ],
49 silly audit   '@aws-sdk/util-user-agent-browser': [ '3.257.0' ],
49 silly audit   '@aws-sdk/util-user-agent-node': [ '3.259.0' ],
49 silly audit   '@aws-sdk/util-utf8': [ '3.254.0' ],
49 silly audit   '@aws-sdk/util-utf8-browser': [ '3.259.0' ],
49 silly audit   '@bcoe/v8-coverage': [ '0.2.3' ],
49 silly audit   '@eslint/eslintrc': [ '1.3.3' ],
49 silly audit   debug: [ '4.3.4', '2.6.9', '4.3.3', '3.2.7' ],
49 silly audit   ms: [ '2.1.2', '2.1.3', '2.0.0' ],
49 silly audit   '@humanwhocodes/config-array': [ '0.11.6' ],
49 silly audit   '@humanwhocodes/module-importer': [ '1.0.1' ],
49 silly audit   '@humanwhocodes/object-schema': [ '1.2.1' ],
49 silly audit   '@istanbuljs/schema': [ '0.1.3' ],
49 silly audit   '@jridgewell/resolve-uri': [ '3.0.5' ],
49 silly audit   '@jridgewell/sourcemap-codec': [ '1.4.11' ],
49 silly audit   '@jridgewell/trace-mapping': [ '0.3.8' ],
49 silly audit   '@nodelib/fs.scandir': [ '2.1.5' ],
49 silly audit   '@nodelib/fs.stat': [ '2.0.5' ],
49 silly audit   '@nodelib/fs.walk': [ '1.2.8' ],
49 silly audit   '@sinonjs/commons': [ '2.0.0', '1.8.5' ],
49 silly audit   '@sinonjs/fake-timers': [ '9.1.2', '7.1.2' ],
49 silly audit   '@sinonjs/samsam': [ '7.0.1' ],
49 silly audit   '@sinonjs/text-encoding': [ '0.7.2' ],
49 silly audit   '@types/istanbul-lib-coverage': [ '2.0.4' ],
49 silly audit   '@types/node': [ '18.11.19' ],
49 silly audit   '@types/webidl-conversions': [ '7.0.0' ],
49 silly audit   '@types/whatwg-url': [ '8.2.2' ],
49 silly audit   abbrev: [ '1.1.1', '2.0.0' ],
49 silly audit   accepts: [ '1.3.8' ],
49 silly audit   acorn: [ '8.8.0' ],
49 silly audit   'acorn-jsx': [ '5.3.2' ],
49 silly audit   ajv: [ '6.12.6' ],
49 silly audit   'ansi-colors': [ '4.1.1' ],
49 silly audit   'ansi-regex': [ '5.0.1' ],
49 silly audit   'ansi-styles': [ '4.3.0' ],
49 silly audit   anymatch: [ '3.1.2' ],
49 silly audit   'app-root-path': [ '3.0.0' ],
49 silly audit   argparse: [ '2.0.1' ],
49 silly audit   'array-flatten': [ '1.1.1' ],
49 silly audit   asap: [ '2.0.6' ],
49 silly audit   'assertion-error': [ '1.1.0' ],
49 silly audit   async: [ '0.9.2' ],
49 silly audit   asynckit: [ '0.4.0' ],
49 silly audit   'balanced-match': [ '1.0.2' ],
49 silly audit   'base64-js': [ '1.5.1' ],
49 silly audit   'basic-auth': [ '2.0.1' ],
49 silly audit   'safe-buffer': [ '5.1.2', '5.2.1' ],
49 silly audit   bcryptjs: [ '2.4.3' ],
49 silly audit   'binary-extensions': [ '2.2.0' ],
49 silly audit   'body-parser': [ '1.20.1' ],
49 silly audit   bowser: [ '2.11.0' ],
49 silly audit   'brace-expansion': [ '1.1.11', '2.0.1' ],
49 silly audit   braces: [ '3.0.2' ],
49 silly audit   'browser-stdout': [ '1.3.1' ],
49 silly audit   bson: [ '5.0.0', '4.7.2' ],
49 silly audit   buffer: [ '5.7.1', '6.0.3' ],
49 silly audit   bytes: [ '3.1.2' ],
49 silly audit   c8: [ '7.12.0' ],
49 silly audit   'yargs-parser': [ '20.2.9', '20.2.4' ],
49 silly audit   'call-bind': [ '1.0.2' ],
49 silly audit   callsites: [ '3.1.0' ],
49 silly audit   chai: [ '4.3.7' ],
49 silly audit   'chai-http': [ '2.0.1' ],
49 silly audit   'combined-stream': [ '0.0.7', '1.0.8' ],
49 silly audit   'component-emitter': [ '1.1.2', '1.3.0' ],
49 silly audit   cookiejar: [ '2.0.6', '2.0.1', '2.1.3' ],
49 silly audit   'delayed-stream': [ '0.0.5', '1.0.0' ],
49 silly audit   'form-data': [ '0.2.0', '4.0.0' ],
49 silly audit   formidable: [ '1.0.14', '2.0.1' ],
49 silly audit   methods: [ '0.0.1', '1.0.1', '1.1.2' ],
49 silly audit   mime: [ '1.3.4', '1.6.0', '2.6.0' ],
49 silly audit   'mime-db': [ '1.12.0', '1.51.0' ],
49 silly audit   'mime-types': [ '2.0.14', '2.1.34' ],
49 silly audit   qs: [ '2.0.0', '2.3.3', '6.9.3', '6.11.0' ],
49 silly audit   'readable-stream': [ '1.0.27-1', '4.2.0', '3.6.0' ],
49 silly audit   string_decoder: [ '0.10.31', '1.3.0' ],
49 silly audit   superagent: [ '1.2.0', '8.0.3' ],
49 silly audit   chalk: [ '4.1.2' ],
49 silly audit   'check-error': [ '1.0.2' ],
49 silly audit   chokidar: [ '3.5.3' ],
49 silly audit   'glob-parent': [ '5.1.2', '6.0.2' ],
49 silly audit   cliui: [ '7.0.4' ],
49 silly audit   'color-convert': [ '2.0.1' ],
49 silly audit   'color-name': [ '1.1.4' ],
49 silly audit   'concat-map': [ '0.0.1' ],
49 silly audit   'content-disposition': [ '0.5.4' ],
49 silly audit   'content-type': [ '1.0.4' ],
49 silly audit   'convert-source-map': [ '1.8.0' ],
49 silly audit   cookie: [ '0.5.0' ],
49 silly audit   'cookie-signature': [ '1.0.6' ],
49 silly audit   'core-util-is': [ '1.0.3' ],
49 silly audit   cors: [ '2.8.5' ],
49 silly audit   'cross-spawn': [ '7.0.3' ],
49 silly audit   'date-format': [ '4.0.3' ],
49 silly audit   'dedent-js': [ '1.0.1' ],
49 silly audit   'deep-eql': [ '4.1.2' ],
49 silly audit   'deep-is': [ '0.1.4' ],
49 silly audit   depd: [ '2.0.0', '1.1.2' ],
49 silly audit   destroy: [ '1.2.0' ],
49 silly audit   dezalgo: [ '1.0.3' ],
49 silly audit   diff: [ '5.0.0', '5.1.0' ],
49 silly audit   doctrine: [ '3.0.0' ],
49 silly audit   'ee-first': [ '1.1.1' ],
49 silly audit   'emoji-regex': [ '8.0.0' ],
49 silly audit   encodeurl: [ '1.0.2' ],
49 silly audit   escalade: [ '3.1.1' ],
49 silly audit   'escape-html': [ '1.0.3' ],
49 silly audit   'escape-string-regexp': [ '4.0.0' ],
49 silly audit   escodegen: [ '1.14.3' ],
49 silly audit   esprima: [ '4.0.1', '1.2.2' ],
49 silly audit   estraverse: [ '4.3.0', '5.3.0' ],
49 silly audit   levn: [ '0.3.0', '0.4.1' ],
49 silly audit   optionator: [ '0.8.3', '0.9.1' ],
49 silly audit   'prelude-ls': [ '1.1.2', '1.2.1' ],
49 silly audit   'source-map': [ '0.6.1' ],
49 silly audit   'type-check': [ '0.3.2', '0.4.0' ],
49 silly audit   eslint: [ '8.28.0' ],
49 silly audit   'eslint-config-strongloop': [ '2.1.0' ],
49 silly audit   'eslint-scope': [ '7.1.1' ],
49 silly audit   'eslint-utils': [ '3.0.0' ],
49 silly audit   'eslint-visitor-keys': [ '2.1.0', '3.3.0' ],
49 silly audit   espree: [ '9.4.0' ],
49 silly audit   esquery: [ '1.4.0' ],
49 silly audit   esrecurse: [ '4.3.0' ],
49 silly audit   esutils: [ '2.0.3' ],
49 silly audit   etag: [ '1.8.1' ],
49 silly audit   express: [ '4.18.2' ],
49 silly audit   extend: [ '1.2.1' ],
49 silly audit   'fast-deep-equal': [ '3.1.3' ],
49 silly audit   'fast-json-stable-stringify': [ '2.1.0' ],
49 silly audit   'fast-levenshtein': [ '2.0.6' ],
49 silly audit   'fast-safe-stringify': [ '2.1.1' ],
49 silly audit   'fast-xml-parser': [ '4.0.11' ],
49 silly audit   fastq: [ '1.13.0' ],
49 silly audit   'file-entry-cache': [ '6.0.1' ],
49 silly audit   'fill-range': [ '7.0.1' ],
49 silly audit   finalhandler: [ '1.2.0' ],
49 silly audit   'find-up': [ '5.0.0' ],
49 silly audit   flat: [ '5.0.2' ],
49 silly audit   'flat-cache': [ '3.0.4' ],
49 silly audit   flatted: [ '3.2.5' ],
49 silly audit   'foreground-child': [ '2.0.0' ],
49 silly audit   forwarded: [ '0.2.0' ],
49 silly audit   fresh: [ '0.5.2' ],
49 silly audit   'fs-extra': [ '10.0.0' ],
49 silly audit   'fs.realpath': [ '1.0.0' ],
49 silly audit   'function-bind': [ '1.1.1' ],
49 silly audit   'get-caller-file': [ '2.0.5' ],
49 silly audit   'get-func-name': [ '2.0.0' ],
49 silly audit   'get-intrinsic': [ '1.1.1' ],
49 silly audit   glob: [ '7.2.0', '8.0.3', '7.2.3' ],
49 silly audit   globals: [ '13.17.0' ],
49 silly audit   'graceful-fs': [ '4.2.9', '4.2.10' ],
49 silly audit   'grapheme-splitter': [ '1.0.4' ],
49 silly audit   has: [ '1.0.3' ],
49 silly audit   'has-flag': [ '4.0.0', '3.0.0' ],
49 silly audit   'has-symbols': [ '1.0.2' ],
49 silly audit   he: [ '1.2.0' ],
49 silly audit   helmet: [ '6.0.0' ],
49 silly audit   hexoid: [ '1.0.0' ],
49 silly audit   'html-escaper': [ '2.0.2' ],
49 silly audit   'http-errors': [ '2.0.0' ],
49 silly audit   husky: [ '8.0.2' ],
49 silly audit   'ibm-cloud-env': [ '0.3.4' ],
49 silly audit   'iconv-lite': [ '0.4.24', '0.6.3' ],
49 silly audit   ieee754: [ '1.2.1' ],
49 silly audit   ignore: [ '5.2.0' ],
49 silly audit   'ignore-by-default': [ '1.0.1' ],
49 silly audit   'import-fresh': [ '3.3.0' ],
49 silly audit   imurmurhash: [ '0.1.4' ],
49 silly audit   inflight: [ '1.0.6' ],
49 silly audit   inherits: [ '2.0.4' ],
49 silly audit   ip: [ '2.0.0' ],
49 silly audit   'ip-regex': [ '1.0.3', '4.3.0' ],
49 silly audit   'ipaddr.js': [ '1.9.1' ],
49 silly audit   'is-binary-path': [ '2.1.0' ],
49 silly audit   'is-extglob': [ '2.1.1' ],
49 silly audit   'is-fullwidth-code-point': [ '3.0.0' ],
49 silly audit   'is-glob': [ '4.0.3' ],
49 silly audit   'is-ip': [ '1.0.0' ],
49 silly audit   'is-number': [ '7.0.0' ],
49 silly audit   'is-path-inside': [ '3.0.3' ],
49 silly audit   'is-plain-obj': [ '2.1.0' ],
49 silly audit   'is-unicode-supported': [ '0.1.0' ],
49 silly audit   isarray: [ '0.0.1' ],
49 silly audit   isexe: [ '2.0.0' ],
49 silly audit   'istanbul-lib-coverage': [ '3.2.0' ],
49 silly audit   'istanbul-lib-report': [ '3.0.0' ],
49 silly audit   'istanbul-reports': [ '3.1.4' ],
49 silly audit   'js-sdsl': [ '4.1.4' ],
49 silly audit   'js-yaml': [ '4.1.0' ],
49 silly audit   'json-schema-traverse': [ '0.4.1' ],
49 silly audit   'json-stable-stringify-without-jsonify': [ '1.0.1' ],
49 silly audit   jsonfile: [ '6.1.0' ],
49 silly audit   jsonpath: [ '1.1.1' ],
49 silly audit   underscore: [ '1.12.1', '1.13.2' ],
49 silly audit   'just-extend': [ '4.2.1' ],
49 silly audit   kareem: [ '2.5.1' ],
49 silly audit   'locate-path': [ '6.0.0' ],
49 silly audit   'lodash.get': [ '4.4.2' ],
49 silly audit   'lodash.merge': [ '4.6.2' ],
49 silly audit   'log-symbols': [ '4.1.0' ],
49 silly audit   log4js: [ '6.4.1' ],
49 silly audit   loupe: [ '2.3.4' ],
49 silly audit   'lower-case': [ '2.0.2' ],
49 silly audit   'lru-cache': [ '6.0.0', '7.13.2' ],
49 silly audit   'make-dir': [ '3.1.0' ],
49 silly audit   semver: [ '6.3.0', '5.7.1', '7.0.0', '7.3.8' ],
49 silly audit   'media-typer': [ '0.3.0' ],
49 silly audit   'memory-pager': [ '1.5.0' ],
49 silly audit   'merge-descriptors': [ '1.0.1' ],
49 silly audit   minimatch: [ '3.1.2', '5.0.1', '5.1.0' ],
49 silly audit   mocha: [ '10.1.0' ],
49 silly audit   'supports-color': [ '8.1.1', '5.5.0', '7.2.0' ],
49 silly audit   mongodb: [ '5.0.0', '4.13.0' ],
49 silly audit   'mongodb-connection-string-url': [ '2.6.0' ],
49 silly audit   mongoose: [ '6.9.0' ],
49 silly audit   morgan: [ '1.10.0' ],
49 silly audit   'on-finished': [ '2.3.0', '2.4.1' ],
49 silly audit   mpath: [ '0.9.0' ],
49 silly audit   mquery: [ '4.0.3' ],
49 silly audit   nanoid: [ '3.3.3' ],
49 silly audit   'natural-compare': [ '1.4.0' ],
49 silly audit   negotiator: [ '0.6.3' ],
49 silly audit   nise: [ '5.1.2' ],
49 silly audit   'path-to-regexp': [ '1.8.0', '0.1.7' ],
49 silly audit   'no-case': [ '3.0.4' ],
49 silly audit   nodemon: [ '2.0.20' ],
49 silly audit   nopt: [ '1.0.10', '6.0.0', '7.0.0' ],
49 silly audit   'normalize-path': [ '3.0.0' ],
49 silly audit   npm: [ '9.1.3' ],
49 silly audit   '@npmcli/fs': [ '3.1.0', '2.1.2' ],
49 silly audit   'are-we-there-yet': [ '4.0.0', '3.0.1' ],
49 silly audit   cacache: [ '17.0.2', '16.1.3' ],
49 silly audit   gauge: [ '5.0.0', '4.0.4' ],
49 silly audit   'make-fetch-happen': [ '11.0.1', '10.2.1' ],
49 silly audit   'minipass-fetch': [ '3.0.0', '2.1.2' ],
49 silly audit   npmlog: [ '6.0.2', '7.0.1' ],
49 silly audit   ssri: [ '9.0.1', '10.0.0' ],
49 silly audit   'unique-filename': [ '2.0.1', '3.0.0' ],
49 silly audit   'unique-slug': [ '3.0.0', '4.0.0' ],
49 silly audit   which: [ '2.0.2', '3.0.0' ],
49 silly audit   once: [ '1.4.0' ],
49 silly audit   'path-is-absolute': [ '1.0.1' ],
49 silly audit   rimraf: [ '3.0.2' ],
49 silly audit   'safer-buffer': [ '2.1.2' ],
49 silly audit   'signal-exit': [ '3.0.7' ],
49 silly audit   'smart-buffer': [ '4.2.0' ],
49 silly audit   socks: [ '2.7.1', '2.7.0' ],
49 silly audit   'string-width': [ '4.2.3' ],
49 silly audit   'strip-ansi': [ '6.0.1' ],
49 silly audit   'text-table': [ '0.2.0' ],
49 silly audit   wrappy: [ '1.0.2' ],
49 silly audit   yallist: [ '4.0.0' ],
49 silly audit   'object-assign': [ '4.1.1' ],
49 silly audit   'object-inspect': [ '1.12.0' ],
49 silly audit   'on-headers': [ '1.0.2' ],
49 silly audit   'p-limit': [ '3.1.0' ],
49 silly audit   'p-locate': [ '5.0.0' ],
49 silly audit   'parent-module': [ '1.0.1' ],
49 silly audit   parseurl: [ '1.3.3' ],
49 silly audit   'pascal-case': [ '3.1.2' ],
49 silly audit   'path-exists': [ '4.0.0' ],
49 silly audit   'path-key': [ '3.1.1' ],
49 silly audit   pathval: [ '1.1.1' ],
49 silly audit   picomatch: [ '2.3.1' ],
49 silly audit   'proxy-addr': [ '2.0.7' ],
49 silly audit   'pstree.remy': [ '1.1.8' ],
49 silly audit   punycode: [ '2.1.1' ],
49 silly audit   'queue-microtask': [ '1.2.3' ],
49 silly audit   randombytes: [ '2.1.0' ],
49 silly audit   'range-parser': [ '1.2.1' ],
49 silly audit   'raw-body': [ '2.5.1' ],
49 silly audit   readdirp: [ '3.6.0' ],
49 silly audit   'reduce-component': [ '1.0.1' ],
49 silly audit   regexpp: [ '3.2.0' ],
49 silly audit   'require-directory': [ '2.1.1' ],
49 silly audit   'resolve-from': [ '4.0.0' ],
49 silly audit   reusify: [ '1.0.4' ],
49 silly audit   rfdc: [ '1.3.0' ],
49 silly audit   'run-parallel': [ '1.2.0' ],
49 silly audit   saslprep: [ '1.0.3' ],
49 silly audit   send: [ '0.18.0' ],
49 silly audit   'serialize-javascript': [ '6.0.0' ],
49 silly audit   'serve-static': [ '1.15.0' ],
49 silly audit   setprototypeof: [ '1.2.0' ],
49 silly audit   'shebang-command': [ '2.0.0' ],
49 silly audit   'shebang-regex': [ '3.0.0' ],
49 silly audit   'side-channel': [ '1.0.4' ],
49 silly audit   sift: [ '16.0.1' ],
49 silly audit   'simple-update-notifier': [ '1.0.7' ],
49 silly audit   sinon: [ '14.0.2' ],
49 silly audit   'sinon-chai': [ '3.7.0' ],
49 silly audit   'sparse-bitfield': [ '3.0.3' ],
49 silly audit   'static-eval': [ '2.0.2' ],
49 silly audit   statuses: [ '2.0.1' ],
49 silly audit   streamroller: [ '3.0.2' ],
49 silly audit   'strip-json-comments': [ '3.1.1' ],
49 silly audit   strnum: [ '1.0.5' ],
49 silly audit   supertest: [ '6.3.1' ],
49 silly audit   svelte: [ '3.55.1' ],
49 silly audit   'svelte-routing': [ '1.6.0' ],
49 silly audit   svelte2tsx: [ '0.1.193' ],
49 silly audit   'swagger-ui-dist': [ '4.11.0' ],
49 silly audit   'swagger-ui-express': [ '4.6.0' ],
49 silly audit   'test-exclude': [ '6.0.0' ],
49 silly audit   'to-regex-range': [ '5.0.1' ],
49 silly audit   toidentifier: [ '1.0.1' ],
49 silly audit   touch: [ '3.1.0' ],
49 silly audit   tr46: [ '3.0.0' ],
49 silly audit   'type-detect': [ '4.0.8' ],
49 silly audit   'type-fest': [ '0.20.2' ],
49 silly audit   'type-is': [ '1.6.18' ],
49 silly audit   typescript: [ '4.9.5' ],
49 silly audit   undefsafe: [ '2.0.5' ],
49 silly audit   universalify: [ '2.0.0' ],
49 silly audit   unpipe: [ '1.0.0' ],
49 silly audit   'uri-js': [ '4.4.1' ],
49 silly audit   'utils-merge': [ '1.0.1' ],
49 silly audit   uuid: [ '8.3.2' ],
49 silly audit   'v8-to-istanbul': [ '9.0.0' ],
49 silly audit   vary: [ '1.1.2' ],
49 silly audit   'webidl-conversions': [ '7.0.0' ],
49 silly audit   'whatwg-url': [ '11.0.0' ],
49 silly audit   'word-wrap': [ '1.2.3' ],
49 silly audit   workerpool: [ '6.2.1' ],
49 silly audit   'wrap-ansi': [ '7.0.0' ],
49 silly audit   y18n: [ '5.0.8' ],
49 silly audit   yargs: [ '16.2.0' ],
49 silly audit   'yargs-unparser': [ '2.0.0' ],
49 silly audit   camelcase: [ '6.3.0' ],
49 silly audit   decamelize: [ '4.0.0' ],
49 silly audit   'yocto-queue': [ '0.1.0' ],
49 silly audit   '@colors/colors': [ '1.5.0' ],
49 silly audit   '@gar/promisify': [ '1.1.3' ],
49 silly audit   '@isaacs/string-locale-compare': [ '1.1.0' ],
49 silly audit   '@npmcli/arborist': [ '6.1.4' ],
49 silly audit   '@npmcli/config': [ '6.1.0' ],
49 silly audit   '@npmcli/disparity-colors': [ '3.0.0' ],
49 silly audit   '@npmcli/git': [ '4.0.3' ],
49 silly audit   '@npmcli/installed-package-contents': [ '2.0.1' ],
49 silly audit   '@npmcli/map-workspaces': [ '3.0.0' ],
49 silly audit   '@npmcli/metavuln-calculator': [ '5.0.0' ],
49 silly audit   '@npmcli/name-from-folder': [ '1.0.1' ],
49 silly audit   '@npmcli/node-gyp': [ '3.0.0' ],
49 silly audit   '@npmcli/package-json': [ '3.0.0' ],
49 silly audit   '@npmcli/promise-spawn': [ '6.0.1' ],
49 silly audit   '@npmcli/query': [ '3.0.0' ],
49 silly audit   '@npmcli/run-script': [ '6.0.0' ],
49 silly audit   '@tootallnate/once': [ '2.0.0' ],
49 silly audit   'abort-controller': [ '3.0.0' ],
49 silly audit   'agent-base': [ '6.0.2' ],
49 silly audit   agentkeepalive: [ '4.2.1' ],
49 silly audit   'aggregate-error': [ '3.1.0' ],
49 silly audit   aproba: [ '2.0.0' ],
49 silly audit   archy: [ '1.0.0' ],
49 silly audit   'bin-links': [ '4.0.1' ],
49 silly audit   builtins: [ '5.0.1' ],
49 silly audit   chownr: [ '2.0.0' ],
49 silly audit   'ci-info': [ '3.6.1' ],
49 silly audit   'cidr-regex': [ '3.1.1' ],
49 silly audit   'clean-stack': [ '2.2.0' ],
49 silly audit   'cli-columns': [ '4.0.0' ],
49 silly audit   'cli-table3': [ '0.6.3' ],
49 silly audit   clone: [ '1.0.4' ],
49 silly audit   'cmd-shim': [ '6.0.0' ],
49 silly audit   'color-support': [ '1.1.3' ],
49 silly audit   columnify: [ '1.6.0' ],
49 silly audit   'common-ancestor-path': [ '1.0.1' ],
49 silly audit   'console-control-strings': [ '1.1.0' ],
49 silly audit   cssesc: [ '3.0.0' ],
49 silly audit   defaults: [ '1.0.3' ],
49 silly audit   delegates: [ '1.0.0' ],
49 silly audit   encoding: [ '0.1.13' ],
49 silly audit   'env-paths': [ '2.2.1' ],
49 silly audit   'err-code': [ '2.0.3' ],
49 silly audit   'event-target-shim': [ '5.0.1' ],
49 silly audit   events: [ '3.3.0' ],
49 silly audit   'fastest-levenshtein': [ '1.0.16' ],
49 silly audit   'fs-minipass': [ '2.1.0' ],
49 silly audit   'has-unicode': [ '2.0.1' ],
49 silly audit   'hosted-git-info': [ '6.1.1' ],
49 silly audit   'http-cache-semantics': [ '4.1.0' ],
49 silly audit   'http-proxy-agent': [ '5.0.0' ],
49 silly audit   'https-proxy-agent': [ '5.0.1' ],
49 silly audit   'humanize-ms': [ '1.2.1' ],
49 silly audit   'ignore-walk': [ '6.0.0' ],
49 silly audit   'indent-string': [ '4.0.0' ],
49 silly audit   'infer-owner': [ '1.0.4' ],
49 silly audit   ini: [ '3.0.1' ],
49 silly audit   'init-package-json': [ '4.0.1' ],
49 silly audit   'is-cidr': [ '4.0.2' ],
49 silly audit   'is-core-module': [ '2.10.0' ],
49 silly audit   'is-lambda': [ '1.0.1' ],
49 silly audit   'json-parse-even-better-errors': [ '3.0.0' ],
49 silly audit   'json-stringify-nice': [ '1.1.4' ],
49 silly audit   jsonparse: [ '1.3.1' ],
49 silly audit   'just-diff': [ '5.1.1' ],
49 silly audit   'just-diff-apply': [ '5.4.1' ],
49 silly audit   libnpmaccess: [ '7.0.0' ],
49 silly audit   libnpmdiff: [ '5.0.5' ],
49 silly audit   libnpmexec: [ '5.0.5' ],
49 silly audit   libnpmfund: [ '4.0.5' ],
49 silly audit   libnpmhook: [ '9.0.0' ],
49 silly audit   libnpmorg: [ '5.0.0' ],
49 silly audit   libnpmpack: [ '5.0.5' ],
49 silly audit   libnpmpublish: [ '7.0.5' ],
49 silly audit   libnpmsearch: [ '6.0.0' ],
49 silly audit   libnpmteam: [ '5.0.0' ],
49 silly audit   libnpmversion: [ '4.0.1' ],
49 silly audit   minipass: [ '3.3.4' ],
49 silly audit   'minipass-collect': [ '1.0.2' ],
49 silly audit   'minipass-flush': [ '1.0.5' ],
49 silly audit   'minipass-json-stream': [ '1.0.1' ],
49 silly audit   'minipass-pipeline': [ '1.2.4' ],
49 silly audit   'minipass-sized': [ '1.0.3' ],
49 silly audit   minizlib: [ '2.1.2' ],
49 silly audit   mkdirp: [ '1.0.4' ],
49 silly audit   'mute-stream': [ '0.0.8' ],
49 silly audit   'node-gyp': [ '9.3.0' ],
49 silly audit   '@npmcli/move-file': [ '2.0.1' ],
49 silly audit   'normalize-package-data': [ '5.0.0' ],
49 silly audit   'npm-audit-report': [ '4.0.0' ],
49 silly audit   'npm-bundled': [ '3.0.0' ],
49 silly audit   'npm-install-checks': [ '6.0.0' ],
49 silly audit   'npm-normalize-package-bin': [ '3.0.0' ],
49 silly audit   'npm-package-arg': [ '10.0.0' ],
49 silly audit   'npm-packlist': [ '7.0.2' ],
49 silly audit   'npm-pick-manifest': [ '8.0.1' ],
49 silly audit   'npm-profile': [ '7.0.1' ],
49 silly audit   'npm-registry-fetch': [ '14.0.2' ],
49 silly audit   'npm-user-validate': [ '1.0.1' ],
49 silly audit   'p-map': [ '4.0.0' ],
49 silly audit   pacote: [ '15.0.6' ],
49 silly audit   'parse-conflict-json': [ '3.0.0' ],
49 silly audit   'postcss-selector-parser': [ '6.0.10' ],
49 silly audit   'proc-log': [ '3.0.0' ],
49 silly audit   process: [ '0.11.10' ],
49 silly audit   'promise-all-reject-late': [ '1.0.1' ],
49 silly audit   'promise-call-limit': [ '1.0.1' ],
49 silly audit   'promise-inflight': [ '1.0.1' ],
49 silly audit   'promise-retry': [ '2.0.1' ],
49 silly audit   promzard: [ '0.3.0' ],
49 silly audit   'qrcode-terminal': [ '0.12.0' ],
49 silly audit   read: [ '1.0.7' ],
49 silly audit   'read-cmd-shim': [ '4.0.0' ],
49 silly audit   'read-package-json': [ '6.0.0' ],
49 silly audit   'read-package-json-fast': [ '3.0.1' ],
49 silly audit   retry: [ '0.12.0' ],
49 silly audit   'set-blocking': [ '2.0.0' ],
49 silly audit   'socks-proxy-agent': [ '7.0.0' ],
49 silly audit   'spdx-correct': [ '3.1.1' ],
49 silly audit   'spdx-exceptions': [ '2.3.0' ],
49 silly audit   'spdx-expression-parse': [ '3.0.1' ],
49 silly audit   'spdx-license-ids': [ '3.0.11' ],
49 silly audit   tar: [ '6.1.12' ],
49 silly audit   'tiny-relative-date': [ '1.3.0' ],
49 silly audit   treeverse: [ '3.0.0' ],
49 silly audit   'util-deprecate': [ '1.0.2' ],
49 silly audit   'validate-npm-package-license': [ '3.0.4' ],
49 silly audit   'validate-npm-package-name': [ '5.0.0' ],
49 silly audit   'walk-up-path': [ '1.0.0' ],
49 silly audit   wcwidth: [ '1.0.1' ],
49 silly audit   'wide-align': [ '1.1.5' ],
49 silly audit   'write-file-atomic': [ '5.0.0' ]
49 silly audit }
50 timing reify:unpack Completed in 3ms
51 timing reify:unretire Completed in 0ms
52 timing build:queue Completed in 0ms
53 timing build:deps Completed in 0ms
54 timing build Completed in 0ms
55 timing reify:build Completed in 2ms
56 timing reify:trash Completed in 0ms
57 timing reify:save Completed in 95ms
58 http fetch POST 200 https://registry.npmjs.com/-/npm/v1/security/advisories/bulk 1046ms
59 timing auditReport:getReport Completed in 1054ms
60 silly audit report {
60 silly audit report   cookiejar: [
60 silly audit report     {
60 silly audit report       id: 1088659,
60 silly audit report       url: 'https://github.com/advisories/GHSA-h452-7996-h45h',
60 silly audit report       title: 'cookiejar Regular Expression Denial of Service via Cookie.parse function',
60 silly audit report       severity: 'moderate',
60 silly audit report       vulnerable_versions: '<2.1.4',
60 silly audit report       cwe: [Array],
60 silly audit report       cvss: [Object]
60 silly audit report     }
60 silly audit report   ],
60 silly audit report   mime: [
60 silly audit report     {
60 silly audit report       id: 1090995,
60 silly audit report       url: 'https://github.com/advisories/GHSA-wrvr-8mpx-r7pp',
60 silly audit report       title: 'mime Regular Expression Denial of Service when mime lookup performed on untrusted user input',
60 silly audit report       severity: 'moderate',
60 silly audit report       vulnerable_versions: '<1.4.1',
60 silly audit report       cwe: [Array],
60 silly audit report       cvss: [Object]
60 silly audit report     }
60 silly audit report   ],
60 silly audit report   qs: [
60 silly audit report     {
60 silly audit report       id: 1090132,
60 silly audit report       url: 'https://github.com/advisories/GHSA-hrpp-h998-j3pp',
60 silly audit report       title: 'qs vulnerable to Prototype Pollution',
60 silly audit report       severity: 'high',
60 silly audit report       vulnerable_versions: '<6.2.4',
60 silly audit report       cwe: [Array],
60 silly audit report       cvss: [Object]
60 silly audit report     },
60 silly audit report     {
60 silly audit report       id: 1090139,
60 silly audit report       url: 'https://github.com/advisories/GHSA-hrpp-h998-j3pp',
60 silly audit report       title: 'qs vulnerable to Prototype Pollution',
60 silly audit report       severity: 'high',
60 silly audit report       vulnerable_versions: '>=6.9.0 <6.9.7',
60 silly audit report       cwe: [Array],
60 silly audit report       cvss: [Object]
60 silly audit report     },
60 silly audit report     {
60 silly audit report       id: 1087527,
60 silly audit report       url: 'https://github.com/advisories/GHSA-gqgv-6jq5-jjj9',
60 silly audit report       title: 'Prototype Pollution Protection Bypass in qs',
60 silly audit report       severity: 'high',
60 silly audit report       vulnerable_versions: '<6.0.4',
60 silly audit report       cwe: [Array],
60 silly audit report       cvss: [Object]
60 silly audit report     }
60 silly audit report   ],
60 silly audit report   superagent: [
60 silly audit report     {
60 silly audit report       id: 1090919,
60 silly audit report       url: 'https://github.com/advisories/GHSA-8225-6cvr-8pqp',
60 silly audit report       title: 'Large gzip Denial of Service in superagent',
60 silly audit report       severity: 'low',
60 silly audit report       vulnerable_versions: '<3.7.0',
60 silly audit report       cwe: [Array],
60 silly audit report       cvss: [Object]
60 silly audit report     }
60 silly audit report   ],
60 silly audit report   extend: [
60 silly audit report     {
60 silly audit report       id: 1087632,
60 silly audit report       url: 'https://github.com/advisories/GHSA-qrmc-fj45-qfc2',
60 silly audit report       title: 'Prototype Pollution in extend',
60 silly audit report       severity: 'moderate',
60 silly audit report       vulnerable_versions: '<2.0.2',
60 silly audit report       cwe: [Array],
60 silly audit report       cvss: [Object]
60 silly audit report     }
60 silly audit report   ],
60 silly audit report   'http-cache-semantics': [
60 silly audit report     {
60 silly audit report       id: 1090532,
60 silly audit report       url: 'https://github.com/advisories/GHSA-rc47-6667-2j5j',
60 silly audit report       title: 'http-cache-semantics vulnerable to Regular Expression Denial of Service',
60 silly audit report       severity: 'high',
60 silly audit report       vulnerable_versions: '<4.1.1',
60 silly audit report       cwe: [Array],
60 silly audit report       cvss: [Object]
60 silly audit report     }
60 silly audit report   ]
60 silly audit report }
61 timing metavuln:cache:get:security-advisory:mime:w2U6IST5Dr/xKi/SjpEmNZfNJoPkp7/Ug7HaaxNGong1ctVOPF2bMmjfOBpbxPw4oRua6M2uTXXNINf96QKb7w== Completed in 31ms
62 timing metavuln:cache:get:security-advisory:qs:+U6KexMbYyQZCcG0GIWzQxqGoHilv3BdNqu84xlQGG/9ofvsYUo5l+CVVfv/YmMRzNE6P/pukp6jJCTivgH7Zg== Completed in 30ms
63 timing metavuln:cache:get:security-advisory:cookiejar:20tDwH6fYKn++PbMnx2tUulmtbaV/gdoUXXQX3IJ8Qzg+tx34k0HmLCCRQ68aR/TWyVmR5LbQdagWrak8dhhtw== Completed in 33ms
64 timing metavuln:cache:get:security-advisory:qs:tsBSGxcDBc91tzRrGNTNy0WD87jfUSVjweMFLD7OiNZ1YM2uEaWarkPWUfw8braWo2SrSKIC7Yi/9Odi8zjvkw== Completed in 33ms
65 timing metavuln:cache:get:security-advisory:qs:Ep2n85L+dRCmkbbV0iUVy3iIfKCcx9A3zAztRBicW75HPyjBZvL8BtcD08BWPHxSQB1zYZWjEaBb0GI3KDUKSw== Completed in 32ms
66 timing metavuln:cache:get:security-advisory:superagent:lcT398WUSrR9t2E2g365qPyVsaOxEHQ0+mbA5V5q0Vikkt6DUUXu63iDXHU4X0IIc5h6ymNLe0vecP4/hzielQ== Completed in 33ms
67 timing metavuln:cache:get:security-advisory:http-cache-semantics:RZkip6EYJtyEt/UL3+okkoXm+B53JgBI1sYCHIB0OBaifpHyBIKE6OFHLGc/tWG9l9E9gUJf1PslcXfSi2KE9Q== Completed in 33ms
68 timing metavuln:cache:get:security-advisory:extend:ey0s4xXFtFi7V2OYDwxwuqJANnYo5SEFAGU8xyWN4Pq4MXyMUWq2z+TyB1/apwDfPRelI43yncf9au7xZN1zQA== Completed in 34ms
69 http fetch GET 200 https://registry.npmjs.com/superagent 154ms (cache revalidated)
70 timing metavuln:packument:superagent Completed in 156ms
71 timing metavuln:load:security-advisory:superagent:1090919 Completed in 1ms
72 timing metavuln:calculate:security-advisory:superagent:1090919 Completed in 158ms
73 http fetch GET 200 https://registry.npmjs.com/http-cache-semantics 679ms (cache revalidated)
74 timing metavuln:packument:http-cache-semantics Completed in 679ms
75 timing metavuln:load:security-advisory:http-cache-semantics:1090532 Completed in 0ms
76 timing metavuln:calculate:security-advisory:http-cache-semantics:1090532 Completed in 681ms
77 http fetch GET 200 https://registry.npmjs.com/qs 683ms (cache revalidated)
78 timing metavuln:packument:qs Completed in 684ms
79 timing metavuln:load:security-advisory:qs:1090132 Completed in 1ms
80 timing metavuln:calculate:security-advisory:qs:1090132 Completed in 685ms
81 timing metavuln:load:security-advisory:qs:1090139 Completed in 1ms
82 timing metavuln:calculate:security-advisory:qs:1090139 Completed in 685ms
83 timing metavuln:load:security-advisory:qs:1087527 Completed in 1ms
84 timing metavuln:calculate:security-advisory:qs:1087527 Completed in 686ms
85 http fetch GET 200 https://registry.npmjs.com/extend 687ms (cache revalidated)
86 timing metavuln:packument:extend Completed in 688ms
87 timing metavuln:load:security-advisory:extend:1087632 Completed in 0ms
88 timing metavuln:calculate:security-advisory:extend:1087632 Completed in 689ms
89 http fetch GET 200 https://registry.npmjs.com/cookiejar 691ms (cache revalidated)
90 timing metavuln:packument:cookiejar Completed in 693ms
91 timing metavuln:load:security-advisory:cookiejar:1088659 Completed in 0ms
92 timing metavuln:calculate:security-advisory:cookiejar:1088659 Completed in 695ms
93 http fetch GET 200 https://registry.npmjs.com/mime 693ms (cache revalidated)
94 timing metavuln:packument:mime Completed in 694ms
95 timing metavuln:load:security-advisory:mime:1090995 Completed in 1ms
96 timing metavuln:calculate:security-advisory:mime:1090995 Completed in 695ms
97 timing metavuln:cache:get:security-advisory:superagent:v4XmEgjuBkBpiLo5I4SV16ElFl6TaCr+4OWq2jQCfpSR7t3vq29GwZ0D254lhsBHl/TfClBSkZa7fTu13c0xtQ== Completed in 13ms
98 timing metavuln:load:security-advisory:superagent:20tDwH6fYKn++PbMnx2tUulmtbaV/gdoUXXQX3IJ8Qzg+tx34k0HmLCCRQ68aR/TWyVmR5LbQdagWrak8dhhtw== Completed in 1ms
99 timing metavuln:calculate:security-advisory:superagent:20tDwH6fYKn++PbMnx2tUulmtbaV/gdoUXXQX3IJ8Qzg+tx34k0HmLCCRQ68aR/TWyVmR5LbQdagWrak8dhhtw== Completed in 14ms
100 timing metavuln:cache:get:security-advisory:chai-http:hvPscEH/lbDrzlsb94gA7/+bSGB9MxPGGiZdjv04mmD+UfxUf8aScEiGD7E+gjh4EGyIhStxu8+TfEitCOzqhg== Completed in 16ms
101 http fetch GET 200 https://registry.npmjs.com/chai-http 143ms (cache revalidated)
102 timing metavuln:packument:chai-http Completed in 144ms
103 timing metavuln:load:security-advisory:chai-http:20tDwH6fYKn++PbMnx2tUulmtbaV/gdoUXXQX3IJ8Qzg+tx34k0HmLCCRQ68aR/TWyVmR5LbQdagWrak8dhhtw== Completed in 0ms
104 timing metavuln:calculate:security-advisory:chai-http:20tDwH6fYKn++PbMnx2tUulmtbaV/gdoUXXQX3IJ8Qzg+tx34k0HmLCCRQ68aR/TWyVmR5LbQdagWrak8dhhtw== Completed in 145ms
105 timing metavuln:cache:get:security-advisory:superagent:xsLPl/3NsjOgAGPSX01D8QYwfXDtdTjZaSKgyDTimKZyeKb1NjDfZjwTPhcsyto8yKdxK1QDb7eCHCiTBNT7zg== Completed in 15ms
106 timing metavuln:load:security-advisory:superagent:w2U6IST5Dr/xKi/SjpEmNZfNJoPkp7/Ug7HaaxNGong1ctVOPF2bMmjfOBpbxPw4oRua6M2uTXXNINf96QKb7w== Completed in 1ms
107 timing metavuln:calculate:security-advisory:superagent:w2U6IST5Dr/xKi/SjpEmNZfNJoPkp7/Ug7HaaxNGong1ctVOPF2bMmjfOBpbxPw4oRua6M2uTXXNINf96QKb7w== Completed in 16ms
108 timing metavuln:cache:get:security-advisory:chai-http:dwtvOdFOYW0AynJEK8y1RX9r9BSGOdstVSZ4o22jbzSpdbikhE5BehQDLjvVOHbNMZoIiI1YWsv2YuYJSGUayQ== Completed in 10ms
109 timing metavuln:load:security-advisory:chai-http:tsBSGxcDBc91tzRrGNTNy0WD87jfUSVjweMFLD7OiNZ1YM2uEaWarkPWUfw8braWo2SrSKIC7Yi/9Odi8zjvkw== Completed in 0ms
110 timing metavuln:calculate:security-advisory:chai-http:tsBSGxcDBc91tzRrGNTNy0WD87jfUSVjweMFLD7OiNZ1YM2uEaWarkPWUfw8braWo2SrSKIC7Yi/9Odi8zjvkw== Completed in 10ms
111 timing metavuln:cache:get:security-advisory:superagent:5HiJG93UrAKIhmlnVBtIv9OJozBxWPLedhjTOiSXJ12HAFHFqO7drjfioeigJ31GOI834qKlkny8N/HH1hNEhA== Completed in 11ms
112 timing metavuln:load:security-advisory:superagent:tsBSGxcDBc91tzRrGNTNy0WD87jfUSVjweMFLD7OiNZ1YM2uEaWarkPWUfw8braWo2SrSKIC7Yi/9Odi8zjvkw== Completed in 0ms
113 timing metavuln:calculate:security-advisory:superagent:tsBSGxcDBc91tzRrGNTNy0WD87jfUSVjweMFLD7OiNZ1YM2uEaWarkPWUfw8braWo2SrSKIC7Yi/9Odi8zjvkw== Completed in 12ms
114 timing metavuln:cache:get:security-advisory:formidable:ysS074Bi/d2LZd9TSbio0e4nSnKsQjlkCJlisHx5fZz5cnGpKkIyIZAeN8pN4nrhM19ijepZS0xTbXXYKVayQA== Completed in 11ms
115 http fetch GET 200 https://registry.npmjs.com/formidable 704ms (cache revalidated)
116 timing metavuln:packument:formidable Completed in 705ms
117 timing metavuln:load:security-advisory:formidable:+U6KexMbYyQZCcG0GIWzQxqGoHilv3BdNqu84xlQGG/9ofvsYUo5l+CVVfv/YmMRzNE6P/pukp6jJCTivgH7Zg== Completed in 0ms
118 timing metavuln:calculate:security-advisory:formidable:+U6KexMbYyQZCcG0GIWzQxqGoHilv3BdNqu84xlQGG/9ofvsYUo5l+CVVfv/YmMRzNE6P/pukp6jJCTivgH7Zg== Completed in 706ms
119 timing metavuln:cache:get:security-advisory:chai-http:SX8iCVCtueZfc7NqJZW1COcAw9t5FWOXfE2ew07hYZDqbEYE15t/vkYHq85OYnK5CX2ZOj6IwDHdKwhENNC6bQ== Completed in 9ms
120 timing metavuln:load:security-advisory:chai-http:lcT398WUSrR9t2E2g365qPyVsaOxEHQ0+mbA5V5q0Vikkt6DUUXu63iDXHU4X0IIc5h6ymNLe0vecP4/hzielQ== Completed in 0ms
121 timing metavuln:calculate:security-advisory:chai-http:lcT398WUSrR9t2E2g365qPyVsaOxEHQ0+mbA5V5q0Vikkt6DUUXu63iDXHU4X0IIc5h6ymNLe0vecP4/hzielQ== Completed in 9ms
122 timing metavuln:cache:get:security-advisory:superagent:SkwLqHnBX2viNipiYm5w098giiinTRySa2PCVjpJ6U3W4nzV0NkxkQF+aq/4Arvc+V2ZSIZ3/bVQiUztl2RqTg== Completed in 9ms
123 timing metavuln:load:security-advisory:superagent:ey0s4xXFtFi7V2OYDwxwuqJANnYo5SEFAGU8xyWN4Pq4MXyMUWq2z+TyB1/apwDfPRelI43yncf9au7xZN1zQA== Completed in 1ms
124 timing metavuln:calculate:security-advisory:superagent:ey0s4xXFtFi7V2OYDwxwuqJANnYo5SEFAGU8xyWN4Pq4MXyMUWq2z+TyB1/apwDfPRelI43yncf9au7xZN1zQA== Completed in 10ms
125 timing metavuln:cache:get:security-advisory:make-fetch-happen:acd5X/o1wwA5XmI3eSd+VgHvQQR1qHk2is8AGNIs/z44l0WEkx1GoCLQRfOFxkSipin/FajMG7jn5j9hhIE9Nw== Completed in 9ms
126 http fetch GET 200 https://registry.npmjs.com/make-fetch-happen 81ms (cache revalidated)
127 timing metavuln:packument:make-fetch-happen Completed in 84ms
128 timing metavuln:load:security-advisory:make-fetch-happen:RZkip6EYJtyEt/UL3+okkoXm+B53JgBI1sYCHIB0OBaifpHyBIKE6OFHLGc/tWG9l9E9gUJf1PslcXfSi2KE9Q== Completed in 0ms
129 timing metavuln:calculate:security-advisory:make-fetch-happen:RZkip6EYJtyEt/UL3+okkoXm+B53JgBI1sYCHIB0OBaifpHyBIKE6OFHLGc/tWG9l9E9gUJf1PslcXfSi2KE9Q== Completed in 85ms
130 timing metavuln:cache:get:security-advisory:superagent:42dv9e68YbljbjXH1OsMMaSLo3qLOXQH96fPznoIs4agls8YCHURX0IhW8MumNFw/QAtBU3qShH1Nolubc3+qA== Completed in 9ms
131 timing metavuln:load:security-advisory:superagent:ysS074Bi/d2LZd9TSbio0e4nSnKsQjlkCJlisHx5fZz5cnGpKkIyIZAeN8pN4nrhM19ijepZS0xTbXXYKVayQA== Completed in 1ms
132 timing metavuln:calculate:security-advisory:superagent:ysS074Bi/d2LZd9TSbio0e4nSnKsQjlkCJlisHx5fZz5cnGpKkIyIZAeN8pN4nrhM19ijepZS0xTbXXYKVayQA== Completed in 10ms
133 timing auditReport:init Completed in 1696ms
134 timing reify:audit Completed in 2751ms
135 timing reify Completed in 5653ms
136 timing command:install Completed in 6163ms
137 verbose exit 0
138 timing npm Completed in 9698ms
139 info ok
