0 verbose cli /usr/bin/node /opt/app-root/src/node_modules/npm/bin/npm-cli.js
1 info using npm@9.1.3
2 info using node@v18.12.1
3 timing npm:load:whichnode Completed in 0ms
4 timing config:load:defaults Completed in 1ms
5 timing config:load:file:/opt/app-root/src/node_modules/npm/npmrc Completed in 3ms
6 timing config:load:builtin Completed in 3ms
7 timing config:load:cli Completed in 2ms
8 timing config:load:env Completed in 0ms
9 timing config:load:project Completed in 3ms
10 timing config:load:file:/opt/app-root/src/.npmrc Completed in 5ms
11 timing config:load:user Completed in 5ms
12 timing config:load:file:/opt/app-root/src/.npm-global/etc/npmrc Completed in 1ms
13 timing config:load:global Completed in 1ms
14 timing config:load:setEnvs Completed in 1ms
15 timing config:load Completed in 16ms
16 timing npm:load:configload Completed in 16ms
17 timing npm:load:mkdirpcache Completed in 2ms
18 timing npm:load:mkdirplogs Completed in 2ms
19 verbose title npm install
20 verbose argv "install"
21 timing npm:load:setTitle Completed in 1ms
22 timing config:load:flatten Completed in 3ms
23 timing npm:load:display Completed in 4ms
24 verbose logfile logs-max:10 dir:/opt/app-root/src/.npm/_logs/2023-02-24T16_02_09_502Z-
25 verbose logfile /opt/app-root/src/.npm/_logs/2023-02-24T16_02_09_502Z-debug-0.log
26 timing npm:load:logFile Completed in 52ms
27 timing npm:load:timers Completed in 0ms
28 timing npm:load:configScope Completed in 0ms
29 timing npm:load Completed in 79ms
30 silly logfile done cleaning log files
31 timing config:load:flatten Completed in 1ms
32 timing arborist:ctor Completed in 1ms
33 verbose shrinkwrap failed to load node_modules/.package-lock.json out of date, updated: node_modules
34 timing idealTree:init Completed in 470ms
35 timing idealTree:userRequests Completed in 0ms
36 silly idealTree buildDeps
37 timing idealTree:#root Completed in 0ms
38 timing idealTree:buildDeps Completed in 2ms
39 timing idealTree:fixDepFlags Completed in 0ms
40 warn EBADENGINE Unsupported engine {
40 warn EBADENGINE   package: 'nodejsexpressapp@1.0.0',
40 warn EBADENGINE   required: { node: '^19.0.0' },
40 warn EBADENGINE   current: { node: 'v18.12.1', npm: '9.1.3' }
40 warn EBADENGINE }
41 timing idealTree Completed in 489ms
42 timing reify:loadTrees Completed in 3164ms
43 timing reify:diffTrees Completed in 186ms
44 silly reify mark retired [ '/opt/app-root/src/node_modules/agent-base' ]
45 silly reify mark retired [ '/opt/app-root/src/node_modules/are-we-there-yet' ]
46 silly reify mark retired [ '/opt/app-root/src/node_modules/aproba' ]
47 silly reify mark retired [ '/opt/app-root/src/node_modules/bcrypt' ]
48 silly reify mark retired [ '/opt/app-root/src/node_modules/chownr' ]
49 silly reify mark retired [
49 silly reify   '/opt/app-root/src/node_modules/color-support',
49 silly reify   '/opt/app-root/src/node_modules/.bin/color-support'
49 silly reify ]
50 silly reify mark retired [ '/opt/app-root/src/node_modules/console-control-strings' ]
51 silly reify mark retired [ '/opt/app-root/src/node_modules/delegates' ]
52 silly reify mark retired [ '/opt/app-root/src/node_modules/detect-libc' ]
53 silly reify mark retired [ '/opt/app-root/src/node_modules/fs-minipass' ]
54 silly reify mark retired [ '/opt/app-root/src/node_modules/gauge' ]
55 silly reify mark retired [ '/opt/app-root/src/node_modules/has-unicode' ]
56 silly reify mark retired [ '/opt/app-root/src/node_modules/https-proxy-agent' ]
57 silly reify mark retired [ '/opt/app-root/src/node_modules/minizlib' ]
58 silly reify mark retired [ '/opt/app-root/src/node_modules/minipass' ]
59 silly reify mark retired [
59 silly reify   '/opt/app-root/src/node_modules/mkdirp',
59 silly reify   '/opt/app-root/src/node_modules/.bin/mkdirp'
59 silly reify ]
60 silly reify mark retired [ '/opt/app-root/src/node_modules/node-addon-api' ]
61 silly reify mark retired [ '/opt/app-root/src/node_modules/node-fetch' ]
62 silly reify mark retired [ '/opt/app-root/src/node_modules/npmlog' ]
63 silly reify mark retired [ '/opt/app-root/src/node_modules/readable-stream' ]
64 silly reify mark retired [ '/opt/app-root/src/node_modules/set-blocking' ]
65 silly reify mark retired [ '/opt/app-root/src/node_modules/string_decoder' ]
66 silly reify mark retired [ '/opt/app-root/src/node_modules/tar' ]
67 silly reify mark retired [ '/opt/app-root/src/node_modules/util-deprecate' ]
68 silly reify mark retired [ '/opt/app-root/src/node_modules/wide-align' ]
69 silly reify mark retired [
69 silly reify   '/opt/app-root/src/node_modules/@mapbox/node-pre-gyp',
69 silly reify   '/opt/app-root/src/node_modules/.bin/node-pre-gyp'
69 silly reify ]
70 silly reify moves {
70 silly reify   '/opt/app-root/src/node_modules/agent-base': '/opt/app-root/src/node_modules/.agent-base-Os5yO49r',
70 silly reify   '/opt/app-root/src/node_modules/are-we-there-yet': '/opt/app-root/src/node_modules/.are-we-there-yet-pSfyUJ66',
70 silly reify   '/opt/app-root/src/node_modules/aproba': '/opt/app-root/src/node_modules/.aproba-n8wLfDQz',
70 silly reify   '/opt/app-root/src/node_modules/bcrypt': '/opt/app-root/src/node_modules/.bcrypt-rPydB7OR',
70 silly reify   '/opt/app-root/src/node_modules/chownr': '/opt/app-root/src/node_modules/.chownr-7DsG3KS5',
70 silly reify   '/opt/app-root/src/node_modules/color-support': '/opt/app-root/src/node_modules/.color-support-yrpjaOak',
70 silly reify   '/opt/app-root/src/node_modules/.bin/color-support': '/opt/app-root/src/node_modules/.bin/.color-support-B2e5GA98',
70 silly reify   '/opt/app-root/src/node_modules/console-control-strings': '/opt/app-root/src/node_modules/.console-control-strings-aqQR0uup',
70 silly reify   '/opt/app-root/src/node_modules/delegates': '/opt/app-root/src/node_modules/.delegates-imDQVdKf',
70 silly reify   '/opt/app-root/src/node_modules/detect-libc': '/opt/app-root/src/node_modules/.detect-libc-R01jvI4y',
70 silly reify   '/opt/app-root/src/node_modules/fs-minipass': '/opt/app-root/src/node_modules/.fs-minipass-jDGGrivJ',
70 silly reify   '/opt/app-root/src/node_modules/gauge': '/opt/app-root/src/node_modules/.gauge-OEb6DiFF',
70 silly reify   '/opt/app-root/src/node_modules/has-unicode': '/opt/app-root/src/node_modules/.has-unicode-WTDE9yNX',
70 silly reify   '/opt/app-root/src/node_modules/https-proxy-agent': '/opt/app-root/src/node_modules/.https-proxy-agent-GKoOJFlj',
70 silly reify   '/opt/app-root/src/node_modules/minizlib': '/opt/app-root/src/node_modules/.minizlib-73dgTTWG',
70 silly reify   '/opt/app-root/src/node_modules/minipass': '/opt/app-root/src/node_modules/.minipass-O3sR0B0G',
70 silly reify   '/opt/app-root/src/node_modules/mkdirp': '/opt/app-root/src/node_modules/.mkdirp-J1IhpB3m',
70 silly reify   '/opt/app-root/src/node_modules/.bin/mkdirp': '/opt/app-root/src/node_modules/.bin/.mkdirp-rYveibkv',
70 silly reify   '/opt/app-root/src/node_modules/node-addon-api': '/opt/app-root/src/node_modules/.node-addon-api-BTgrnA9L',
70 silly reify   '/opt/app-root/src/node_modules/node-fetch': '/opt/app-root/src/node_modules/.node-fetch-2WGF1zmA',
70 silly reify   '/opt/app-root/src/node_modules/npmlog': '/opt/app-root/src/node_modules/.npmlog-zggWPmV4',
70 silly reify   '/opt/app-root/src/node_modules/readable-stream': '/opt/app-root/src/node_modules/.readable-stream-MtCqSAxQ',
70 silly reify   '/opt/app-root/src/node_modules/set-blocking': '/opt/app-root/src/node_modules/.set-blocking-dwl6RCzL',
70 silly reify   '/opt/app-root/src/node_modules/string_decoder': '/opt/app-root/src/node_modules/.string_decoder-Idl8Epj7',
70 silly reify   '/opt/app-root/src/node_modules/tar': '/opt/app-root/src/node_modules/.tar-7brUY4lj',
70 silly reify   '/opt/app-root/src/node_modules/util-deprecate': '/opt/app-root/src/node_modules/.util-deprecate-xhHTWo4r',
70 silly reify   '/opt/app-root/src/node_modules/wide-align': '/opt/app-root/src/node_modules/.wide-align-6VoHvx7t',
70 silly reify   '/opt/app-root/src/node_modules/@mapbox/node-pre-gyp': '/opt/app-root/src/node_modules/@mapbox/.node-pre-gyp-QswtTEKy',
70 silly reify   '/opt/app-root/src/node_modules/.bin/node-pre-gyp': '/opt/app-root/src/node_modules/.bin/.node-pre-gyp-RD8r4XFD'
70 silly reify }
71 timing reify:retireShallow Completed in 106ms
72 timing reify:createSparse Completed in 40ms
73 timing reify:loadBundles Completed in 0ms
74 silly audit bulk request {
74 silly audit   '@aws-crypto/ie11-detection': [ '3.0.0' ],
74 silly audit   tslib: [ '1.14.1', '2.5.0' ],
74 silly audit   '@aws-crypto/sha256-browser': [ '3.0.0' ],
74 silly audit   '@aws-crypto/sha256-js': [ '3.0.0' ],
74 silly audit   '@aws-crypto/supports-web-crypto': [ '3.0.0' ],
74 silly audit   '@aws-crypto/util': [ '3.0.0' ],
74 silly audit   '@aws-sdk/abort-controller': [ '3.257.0' ],
74 silly audit   '@aws-sdk/client-cognito-identity': [ '3.264.0' ],
74 silly audit   '@aws-sdk/client-sso': [ '3.264.0' ],
74 silly audit   '@aws-sdk/client-sso-oidc': [ '3.264.0' ],
74 silly audit   '@aws-sdk/client-sts': [ '3.264.0' ],
74 silly audit   '@aws-sdk/config-resolver': [ '3.259.0' ],
74 silly audit   '@aws-sdk/credential-provider-cognito-identity': [ '3.264.0' ],
74 silly audit   '@aws-sdk/credential-provider-env': [ '3.257.0' ],
74 silly audit   '@aws-sdk/credential-provider-imds': [ '3.259.0' ],
74 silly audit   '@aws-sdk/credential-provider-ini': [ '3.264.0' ],
74 silly audit   '@aws-sdk/credential-provider-node': [ '3.264.0' ],
74 silly audit   '@aws-sdk/credential-provider-process': [ '3.257.0' ],
74 silly audit   '@aws-sdk/credential-provider-sso': [ '3.264.0' ],
74 silly audit   '@aws-sdk/credential-provider-web-identity': [ '3.257.0' ],
74 silly audit   '@aws-sdk/credential-providers': [ '3.264.0' ],
74 silly audit   '@aws-sdk/fetch-http-handler': [ '3.257.0' ],
74 silly audit   '@aws-sdk/hash-node': [ '3.257.0' ],
74 silly audit   '@aws-sdk/invalid-dependency': [ '3.257.0' ],
74 silly audit   '@aws-sdk/is-array-buffer': [ '3.201.0' ],
74 silly audit   '@aws-sdk/middleware-content-length': [ '3.257.0' ],
74 silly audit   '@aws-sdk/middleware-endpoint': [ '3.264.0' ],
74 silly audit   '@aws-sdk/middleware-host-header': [ '3.257.0' ],
74 silly audit   '@aws-sdk/middleware-logger': [ '3.257.0' ],
74 silly audit   '@aws-sdk/middleware-recursion-detection': [ '3.257.0' ],
74 silly audit   '@aws-sdk/middleware-retry': [ '3.259.0' ],
74 silly audit   '@aws-sdk/middleware-sdk-sts': [ '3.257.0' ],
74 silly audit   '@aws-sdk/middleware-serde': [ '3.257.0' ],
74 silly audit   '@aws-sdk/middleware-signing': [ '3.257.0' ],
74 silly audit   '@aws-sdk/middleware-stack': [ '3.257.0' ],
74 silly audit   '@aws-sdk/middleware-user-agent': [ '3.257.0' ],
74 silly audit   '@aws-sdk/node-config-provider': [ '3.259.0' ],
74 silly audit   '@aws-sdk/node-http-handler': [ '3.257.0' ],
74 silly audit   '@aws-sdk/property-provider': [ '3.257.0' ],
74 silly audit   '@aws-sdk/protocol-http': [ '3.257.0' ],
74 silly audit   '@aws-sdk/querystring-builder': [ '3.257.0' ],
74 silly audit   '@aws-sdk/querystring-parser': [ '3.257.0' ],
74 silly audit   '@aws-sdk/service-error-classification': [ '3.257.0' ],
74 silly audit   '@aws-sdk/shared-ini-file-loader': [ '3.257.0' ],
74 silly audit   '@aws-sdk/signature-v4': [ '3.257.0' ],
74 silly audit   '@aws-sdk/smithy-client': [ '3.261.0' ],
74 silly audit   '@aws-sdk/token-providers': [ '3.264.0' ],
74 silly audit   '@aws-sdk/types': [ '3.257.0' ],
74 silly audit   '@aws-sdk/url-parser': [ '3.257.0' ],
74 silly audit   '@aws-sdk/util-base64': [ '3.208.0' ],
74 silly audit   '@aws-sdk/util-body-length-browser': [ '3.188.0' ],
74 silly audit   '@aws-sdk/util-body-length-node': [ '3.208.0' ],
74 silly audit   '@aws-sdk/util-buffer-from': [ '3.208.0' ],
74 silly audit   '@aws-sdk/util-config-provider': [ '3.208.0' ],
74 silly audit   '@aws-sdk/util-defaults-mode-browser': [ '3.261.0' ],
74 silly audit   '@aws-sdk/util-defaults-mode-node': [ '3.261.0' ],
74 silly audit   '@aws-sdk/util-endpoints': [ '3.257.0' ],
74 silly audit   '@aws-sdk/util-hex-encoding': [ '3.201.0' ],
74 silly audit   '@aws-sdk/util-locate-window': [ '3.208.0' ],
74 silly audit   '@aws-sdk/util-middleware': [ '3.257.0' ],
74 silly audit   '@aws-sdk/util-retry': [ '3.257.0' ],
74 silly audit   '@aws-sdk/util-uri-escape': [ '3.201.0' ],
74 silly audit   '@aws-sdk/util-user-agent-browser': [ '3.257.0' ],
74 silly audit   '@aws-sdk/util-user-agent-node': [ '3.259.0' ],
74 silly audit   '@aws-sdk/util-utf8': [ '3.254.0' ],
74 silly audit   '@aws-sdk/util-utf8-browser': [ '3.259.0' ],
74 silly audit   '@bcoe/v8-coverage': [ '0.2.3' ],
74 silly audit   '@eslint/eslintrc': [ '1.3.3' ],
74 silly audit   debug: [ '4.3.4', '2.6.9', '4.3.3', '3.2.7' ],
74 silly audit   ms: [ '2.1.2', '2.1.3', '2.0.0' ],
74 silly audit   '@humanwhocodes/config-array': [ '0.11.6' ],
74 silly audit   '@humanwhocodes/module-importer': [ '1.0.1' ],
74 silly audit   '@humanwhocodes/object-schema': [ '1.2.1' ],
74 silly audit   '@istanbuljs/schema': [ '0.1.3' ],
74 silly audit   '@jridgewell/resolve-uri': [ '3.0.5' ],
74 silly audit   '@jridgewell/sourcemap-codec': [ '1.4.11' ],
74 silly audit   '@jridgewell/trace-mapping': [ '0.3.8' ],
74 silly audit   '@nodelib/fs.scandir': [ '2.1.5' ],
74 silly audit   '@nodelib/fs.stat': [ '2.0.5' ],
74 silly audit   '@nodelib/fs.walk': [ '1.2.8' ],
74 silly audit   '@sinonjs/commons': [ '2.0.0', '1.8.5' ],
74 silly audit   '@sinonjs/fake-timers': [ '9.1.2', '7.1.2' ],
74 silly audit   '@sinonjs/samsam': [ '7.0.1' ],
74 silly audit   '@sinonjs/text-encoding': [ '0.7.2' ],
74 silly audit   '@types/istanbul-lib-coverage': [ '2.0.4' ],
74 silly audit   '@types/node': [ '18.11.19' ],
74 silly audit   '@types/webidl-conversions': [ '7.0.0' ],
74 silly audit   '@types/whatwg-url': [ '8.2.2' ],
74 silly audit   abbrev: [ '1.1.1', '2.0.0' ],
74 silly audit   accepts: [ '1.3.8' ],
74 silly audit   acorn: [ '8.8.0' ],
74 silly audit   'acorn-jsx': [ '5.3.2' ],
74 silly audit   ajv: [ '6.12.6' ],
74 silly audit   'ansi-colors': [ '4.1.1' ],
74 silly audit   'ansi-regex': [ '5.0.1' ],
74 silly audit   'ansi-styles': [ '4.3.0' ],
74 silly audit   anymatch: [ '3.1.2' ],
74 silly audit   'app-root-path': [ '3.0.0' ],
74 silly audit   argparse: [ '2.0.1' ],
74 silly audit   'array-flatten': [ '1.1.1' ],
74 silly audit   asap: [ '2.0.6' ],
74 silly audit   'assertion-error': [ '1.1.0' ],
74 silly audit   async: [ '0.9.2' ],
74 silly audit   asynckit: [ '0.4.0' ],
74 silly audit   'balanced-match': [ '1.0.2' ],
74 silly audit   'base64-js': [ '1.5.1' ],
74 silly audit   'basic-auth': [ '2.0.1' ],
74 silly audit   'safe-buffer': [ '5.1.2', '5.2.1' ],
74 silly audit   bcryptjs: [ '2.4.3' ],
74 silly audit   'binary-extensions': [ '2.2.0' ],
74 silly audit   'body-parser': [ '1.20.1' ],
74 silly audit   bowser: [ '2.11.0' ],
74 silly audit   'brace-expansion': [ '1.1.11', '2.0.1' ],
74 silly audit   braces: [ '3.0.2' ],
74 silly audit   'browser-stdout': [ '1.3.1' ],
74 silly audit   bson: [ '5.0.0', '4.7.2' ],
74 silly audit   buffer: [ '5.7.1', '6.0.3' ],
74 silly audit   bytes: [ '3.1.2' ],
74 silly audit   c8: [ '7.12.0' ],
74 silly audit   'yargs-parser': [ '20.2.9', '20.2.4' ],
74 silly audit   'call-bind': [ '1.0.2' ],
74 silly audit   callsites: [ '3.1.0' ],
74 silly audit   chai: [ '4.3.7' ],
74 silly audit   'chai-http': [ '2.0.1' ],
74 silly audit   'combined-stream': [ '0.0.7', '1.0.8' ],
74 silly audit   'component-emitter': [ '1.1.2', '1.3.0' ],
74 silly audit   cookiejar: [ '2.0.6', '2.0.1', '2.1.3' ],
74 silly audit   'delayed-stream': [ '0.0.5', '1.0.0' ],
74 silly audit   'form-data': [ '0.2.0', '4.0.0' ],
74 silly audit   formidable: [ '1.0.14', '2.0.1' ],
74 silly audit   methods: [ '0.0.1', '1.0.1', '1.1.2' ],
74 silly audit   mime: [ '1.3.4', '1.6.0', '2.6.0' ],
74 silly audit   'mime-db': [ '1.12.0', '1.51.0' ],
74 silly audit   'mime-types': [ '2.0.14', '2.1.34' ],
74 silly audit   qs: [ '2.0.0', '2.3.3', '6.9.3', '6.11.0' ],
74 silly audit   'readable-stream': [ '1.0.27-1', '4.2.0', '3.6.0' ],
74 silly audit   string_decoder: [ '0.10.31', '1.3.0' ],
74 silly audit   superagent: [ '1.2.0', '8.0.3' ],
74 silly audit   chalk: [ '4.1.2' ],
74 silly audit   'check-error': [ '1.0.2' ],
74 silly audit   chokidar: [ '3.5.3' ],
74 silly audit   'glob-parent': [ '5.1.2', '6.0.2' ],
74 silly audit   cliui: [ '7.0.4' ],
74 silly audit   'color-convert': [ '2.0.1' ],
74 silly audit   'color-name': [ '1.1.4' ],
74 silly audit   'concat-map': [ '0.0.1' ],
74 silly audit   'content-disposition': [ '0.5.4' ],
74 silly audit   'content-type': [ '1.0.4' ],
74 silly audit   'convert-source-map': [ '1.8.0' ],
74 silly audit   cookie: [ '0.5.0' ],
74 silly audit   'cookie-signature': [ '1.0.6' ],
74 silly audit   'core-util-is': [ '1.0.3' ],
74 silly audit   cors: [ '2.8.5' ],
74 silly audit   'cross-spawn': [ '7.0.3' ],
74 silly audit   'date-format': [ '4.0.3' ],
74 silly audit   'dedent-js': [ '1.0.1' ],
74 silly audit   'deep-eql': [ '4.1.2' ],
74 silly audit   'deep-is': [ '0.1.4' ],
74 silly audit   depd: [ '2.0.0', '1.1.2' ],
74 silly audit   destroy: [ '1.2.0' ],
74 silly audit   dezalgo: [ '1.0.3' ],
74 silly audit   diff: [ '5.0.0', '5.1.0' ],
74 silly audit   doctrine: [ '3.0.0' ],
74 silly audit   'ee-first': [ '1.1.1' ],
74 silly audit   'emoji-regex': [ '8.0.0' ],
74 silly audit   encodeurl: [ '1.0.2' ],
74 silly audit   escalade: [ '3.1.1' ],
74 silly audit   'escape-html': [ '1.0.3' ],
74 silly audit   'escape-string-regexp': [ '4.0.0' ],
74 silly audit   escodegen: [ '1.14.3' ],
74 silly audit   esprima: [ '4.0.1', '1.2.2' ],
74 silly audit   estraverse: [ '4.3.0', '5.3.0' ],
74 silly audit   levn: [ '0.3.0', '0.4.1' ],
74 silly audit   optionator: [ '0.8.3', '0.9.1' ],
74 silly audit   'prelude-ls': [ '1.1.2', '1.2.1' ],
74 silly audit   'source-map': [ '0.6.1' ],
74 silly audit   'type-check': [ '0.3.2', '0.4.0' ],
74 silly audit   eslint: [ '8.28.0' ],
74 silly audit   'eslint-config-strongloop': [ '2.1.0' ],
74 silly audit   'eslint-scope': [ '7.1.1' ],
74 silly audit   'eslint-utils': [ '3.0.0' ],
74 silly audit   'eslint-visitor-keys': [ '2.1.0', '3.3.0' ],
74 silly audit   espree: [ '9.4.0' ],
74 silly audit   esquery: [ '1.4.0' ],
74 silly audit   esrecurse: [ '4.3.0' ],
74 silly audit   esutils: [ '2.0.3' ],
74 silly audit   etag: [ '1.8.1' ],
74 silly audit   express: [ '4.18.2' ],
74 silly audit   extend: [ '1.2.1' ],
74 silly audit   'fast-deep-equal': [ '3.1.3' ],
74 silly audit   'fast-json-stable-stringify': [ '2.1.0' ],
74 silly audit   'fast-levenshtein': [ '2.0.6' ],
74 silly audit   'fast-safe-stringify': [ '2.1.1' ],
74 silly audit   'fast-xml-parser': [ '4.0.11' ],
74 silly audit   fastq: [ '1.13.0' ],
74 silly audit   'file-entry-cache': [ '6.0.1' ],
74 silly audit   'fill-range': [ '7.0.1' ],
74 silly audit   finalhandler: [ '1.2.0' ],
74 silly audit   'find-up': [ '5.0.0' ],
74 silly audit   flat: [ '5.0.2' ],
74 silly audit   'flat-cache': [ '3.0.4' ],
74 silly audit   flatted: [ '3.2.5' ],
74 silly audit   'foreground-child': [ '2.0.0' ],
74 silly audit   forwarded: [ '0.2.0' ],
74 silly audit   fresh: [ '0.5.2' ],
74 silly audit   'fs-extra': [ '10.0.0' ],
74 silly audit   'fs.realpath': [ '1.0.0' ],
74 silly audit   'function-bind': [ '1.1.1' ],
74 silly audit   'get-caller-file': [ '2.0.5' ],
74 silly audit   'get-func-name': [ '2.0.0' ],
74 silly audit   'get-intrinsic': [ '1.1.1' ],
74 silly audit   glob: [ '7.2.0', '8.0.3', '7.2.3' ],
74 silly audit   globals: [ '13.17.0' ],
74 silly audit   'graceful-fs': [ '4.2.9', '4.2.10' ],
74 silly audit   'grapheme-splitter': [ '1.0.4' ],
74 silly audit   has: [ '1.0.3' ],
74 silly audit   'has-flag': [ '4.0.0', '3.0.0' ],
74 silly audit   'has-symbols': [ '1.0.2' ],
74 silly audit   he: [ '1.2.0' ],
74 silly audit   helmet: [ '6.0.0' ],
74 silly audit   hexoid: [ '1.0.0' ],
74 silly audit   'html-escaper': [ '2.0.2' ],
74 silly audit   'http-errors': [ '2.0.0' ],
74 silly audit   husky: [ '8.0.2' ],
74 silly audit   'ibm-cloud-env': [ '0.3.4' ],
74 silly audit   'iconv-lite': [ '0.4.24', '0.6.3' ],
74 silly audit   ieee754: [ '1.2.1' ],
74 silly audit   ignore: [ '5.2.0' ],
74 silly audit   'ignore-by-default': [ '1.0.1' ],
74 silly audit   'import-fresh': [ '3.3.0' ],
74 silly audit   imurmurhash: [ '0.1.4' ],
74 silly audit   inflight: [ '1.0.6' ],
74 silly audit   inherits: [ '2.0.4' ],
74 silly audit   ip: [ '2.0.0' ],
74 silly audit   'ip-regex': [ '1.0.3', '4.3.0' ],
74 silly audit   'ipaddr.js': [ '1.9.1' ],
74 silly audit   'is-binary-path': [ '2.1.0' ],
74 silly audit   'is-extglob': [ '2.1.1' ],
74 silly audit   'is-fullwidth-code-point': [ '3.0.0' ],
74 silly audit   'is-glob': [ '4.0.3' ],
74 silly audit   'is-ip': [ '1.0.0' ],
74 silly audit   'is-number': [ '7.0.0' ],
74 silly audit   'is-path-inside': [ '3.0.3' ],
74 silly audit   'is-plain-obj': [ '2.1.0' ],
74 silly audit   'is-unicode-supported': [ '0.1.0' ],
74 silly audit   isarray: [ '0.0.1' ],
74 silly audit   isexe: [ '2.0.0' ],
74 silly audit   'istanbul-lib-coverage': [ '3.2.0' ],
74 silly audit   'istanbul-lib-report': [ '3.0.0' ],
74 silly audit   'istanbul-reports': [ '3.1.4' ],
74 silly audit   'js-sdsl': [ '4.1.4' ],
74 silly audit   'js-yaml': [ '4.1.0' ],
74 silly audit   'json-schema-traverse': [ '0.4.1' ],
74 silly audit   'json-stable-stringify-without-jsonify': [ '1.0.1' ],
74 silly audit   jsonfile: [ '6.1.0' ],
74 silly audit   jsonpath: [ '1.1.1' ],
74 silly audit   underscore: [ '1.12.1', '1.13.2' ],
74 silly audit   'just-extend': [ '4.2.1' ],
74 silly audit   kareem: [ '2.5.1' ],
74 silly audit   'locate-path': [ '6.0.0' ],
74 silly audit   'lodash.get': [ '4.4.2' ],
74 silly audit   'lodash.merge': [ '4.6.2' ],
74 silly audit   'log-symbols': [ '4.1.0' ],
74 silly audit   log4js: [ '6.4.1' ],
74 silly audit   loupe: [ '2.3.4' ],
74 silly audit   'lower-case': [ '2.0.2' ],
74 silly audit   'lru-cache': [ '6.0.0', '7.13.2' ],
74 silly audit   'make-dir': [ '3.1.0' ],
74 silly audit   semver: [ '6.3.0', '5.7.1', '7.0.0', '7.3.8' ],
74 silly audit   'media-typer': [ '0.3.0' ],
74 silly audit   'memory-pager': [ '1.5.0' ],
74 silly audit   'merge-descriptors': [ '1.0.1' ],
74 silly audit   minimatch: [ '3.1.2', '5.0.1', '5.1.0' ],
74 silly audit   mocha: [ '10.1.0' ],
74 silly audit   'supports-color': [ '8.1.1', '5.5.0', '7.2.0' ],
74 silly audit   mongodb: [ '5.0.0', '4.13.0' ],
74 silly audit   'mongodb-connection-string-url': [ '2.6.0' ],
74 silly audit   mongoose: [ '6.9.0' ],
74 silly audit   morgan: [ '1.10.0' ],
74 silly audit   'on-finished': [ '2.3.0', '2.4.1' ],
74 silly audit   mpath: [ '0.9.0' ],
74 silly audit   mquery: [ '4.0.3' ],
74 silly audit   nanoid: [ '3.3.3' ],
74 silly audit   'natural-compare': [ '1.4.0' ],
74 silly audit   negotiator: [ '0.6.3' ],
74 silly audit   nise: [ '5.1.2' ],
74 silly audit   'path-to-regexp': [ '1.8.0', '0.1.7' ],
74 silly audit   'no-case': [ '3.0.4' ],
74 silly audit   nodemon: [ '2.0.20' ],
74 silly audit   nopt: [ '1.0.10', '6.0.0', '7.0.0' ],
74 silly audit   'normalize-path': [ '3.0.0' ],
74 silly audit   npm: [ '9.1.3' ],
74 silly audit   '@npmcli/fs': [ '2.1.2', '3.1.0' ],
74 silly audit   'are-we-there-yet': [ '4.0.0', '3.0.1' ],
74 silly audit   cacache: [ '17.0.2', '16.1.3' ],
74 silly audit   gauge: [ '5.0.0', '4.0.4' ],
74 silly audit   'make-fetch-happen': [ '11.0.1', '10.2.1' ],
74 silly audit   'minipass-fetch': [ '3.0.0', '2.1.2' ],
74 silly audit   npmlog: [ '6.0.2', '7.0.1' ],
74 silly audit   ssri: [ '9.0.1', '10.0.0' ],
74 silly audit   'unique-filename': [ '2.0.1', '3.0.0' ],
74 silly audit   'unique-slug': [ '3.0.0', '4.0.0' ],
74 silly audit   which: [ '2.0.2', '3.0.0' ],
74 silly audit   once: [ '1.4.0' ],
74 silly audit   'path-is-absolute': [ '1.0.1' ],
74 silly audit   rimraf: [ '3.0.2' ],
74 silly audit   'safer-buffer': [ '2.1.2' ],
74 silly audit   'signal-exit': [ '3.0.7' ],
74 silly audit   'smart-buffer': [ '4.2.0' ],
74 silly audit   socks: [ '2.7.1', '2.7.0' ],
74 silly audit   'string-width': [ '4.2.3' ],
74 silly audit   'strip-ansi': [ '6.0.1' ],
74 silly audit   'text-table': [ '0.2.0' ],
74 silly audit   wrappy: [ '1.0.2' ],
74 silly audit   yallist: [ '4.0.0' ],
74 silly audit   'object-assign': [ '4.1.1' ],
74 silly audit   'object-inspect': [ '1.12.0' ],
74 silly audit   'on-headers': [ '1.0.2' ],
74 silly audit   'p-limit': [ '3.1.0' ],
74 silly audit   'p-locate': [ '5.0.0' ],
74 silly audit   'parent-module': [ '1.0.1' ],
74 silly audit   parseurl: [ '1.3.3' ],
74 silly audit   'pascal-case': [ '3.1.2' ],
74 silly audit   'path-exists': [ '4.0.0' ],
74 silly audit   'path-key': [ '3.1.1' ],
74 silly audit   pathval: [ '1.1.1' ],
74 silly audit   picomatch: [ '2.3.1' ],
74 silly audit   'proxy-addr': [ '2.0.7' ],
74 silly audit   'pstree.remy': [ '1.1.8' ],
74 silly audit   punycode: [ '2.1.1' ],
74 silly audit   'queue-microtask': [ '1.2.3' ],
74 silly audit   randombytes: [ '2.1.0' ],
74 silly audit   'range-parser': [ '1.2.1' ],
74 silly audit   'raw-body': [ '2.5.1' ],
74 silly audit   readdirp: [ '3.6.0' ],
74 silly audit   'reduce-component': [ '1.0.1' ],
74 silly audit   regexpp: [ '3.2.0' ],
74 silly audit   'require-directory': [ '2.1.1' ],
74 silly audit   'resolve-from': [ '4.0.0' ],
74 silly audit   reusify: [ '1.0.4' ],
74 silly audit   rfdc: [ '1.3.0' ],
74 silly audit   'run-parallel': [ '1.2.0' ],
74 silly audit   saslprep: [ '1.0.3' ],
74 silly audit   send: [ '0.18.0' ],
74 silly audit   'serialize-javascript': [ '6.0.0' ],
74 silly audit   'serve-static': [ '1.15.0' ],
74 silly audit   setprototypeof: [ '1.2.0' ],
74 silly audit   'shebang-command': [ '2.0.0' ],
74 silly audit   'shebang-regex': [ '3.0.0' ],
74 silly audit   'side-channel': [ '1.0.4' ],
74 silly audit   sift: [ '16.0.1' ],
74 silly audit   'simple-update-notifier': [ '1.0.7' ],
74 silly audit   sinon: [ '14.0.2' ],
74 silly audit   'sinon-chai': [ '3.7.0' ],
74 silly audit   'sparse-bitfield': [ '3.0.3' ],
74 silly audit   'static-eval': [ '2.0.2' ],
74 silly audit   statuses: [ '2.0.1' ],
74 silly audit   streamroller: [ '3.0.2' ],
74 silly audit   'strip-json-comments': [ '3.1.1' ],
74 silly audit   strnum: [ '1.0.5' ],
74 silly audit   supertest: [ '6.3.1' ],
74 silly audit   svelte: [ '3.55.1' ],
74 silly audit   'svelte-routing': [ '1.6.0' ],
74 silly audit   svelte2tsx: [ '0.1.193' ],
74 silly audit   'swagger-ui-dist': [ '4.11.0' ],
74 silly audit   'swagger-ui-express': [ '4.6.0' ],
74 silly audit   'test-exclude': [ '6.0.0' ],
74 silly audit   'to-regex-range': [ '5.0.1' ],
74 silly audit   toidentifier: [ '1.0.1' ],
74 silly audit   touch: [ '3.1.0' ],
74 silly audit   tr46: [ '3.0.0' ],
74 silly audit   'type-detect': [ '4.0.8' ],
74 silly audit   'type-fest': [ '0.20.2' ],
74 silly audit   'type-is': [ '1.6.18' ],
74 silly audit   typescript: [ '4.9.5' ],
74 silly audit   undefsafe: [ '2.0.5' ],
74 silly audit   universalify: [ '2.0.0' ],
74 silly audit   unpipe: [ '1.0.0' ],
74 silly audit   'uri-js': [ '4.4.1' ],
74 silly audit   'utils-merge': [ '1.0.1' ],
74 silly audit   uuid: [ '8.3.2' ],
74 silly audit   'v8-to-istanbul': [ '9.0.0' ],
74 silly audit   vary: [ '1.1.2' ],
74 silly audit   'webidl-conversions': [ '7.0.0' ],
74 silly audit   'whatwg-url': [ '11.0.0' ],
74 silly audit   'word-wrap': [ '1.2.3' ],
74 silly audit   workerpool: [ '6.2.1' ],
74 silly audit   'wrap-ansi': [ '7.0.0' ],
74 silly audit   y18n: [ '5.0.8' ],
74 silly audit   yargs: [ '16.2.0' ],
74 silly audit   'yargs-unparser': [ '2.0.0' ],
74 silly audit   camelcase: [ '6.3.0' ],
74 silly audit   decamelize: [ '4.0.0' ],
74 silly audit   'yocto-queue': [ '0.1.0' ],
74 silly audit   'abort-controller': [ '3.0.0' ],
74 silly audit   'aggregate-error': [ '3.1.0' ],
74 silly audit   'agent-base': [ '6.0.2' ],
74 silly audit   agentkeepalive: [ '4.2.1' ],
74 silly audit   aproba: [ '2.0.0' ],
74 silly audit   'bin-links': [ '4.0.1' ],
74 silly audit   archy: [ '1.0.0' ],
74 silly audit   builtins: [ '5.0.1' ],
74 silly audit   'ci-info': [ '3.6.1' ],
74 silly audit   chownr: [ '2.0.0' ],
74 silly audit   'cli-table3': [ '0.6.3' ],
74 silly audit   'clean-stack': [ '2.2.0' ],
74 silly audit   'cidr-regex': [ '3.1.1' ],
74 silly audit   'cli-columns': [ '4.0.0' ],
74 silly audit   clone: [ '1.0.4' ],
74 silly audit   'color-support': [ '1.1.3' ],
74 silly audit   'cmd-shim': [ '6.0.0' ],
74 silly audit   'common-ancestor-path': [ '1.0.1' ],
74 silly audit   'console-control-strings': [ '1.1.0' ],
74 silly audit   cssesc: [ '3.0.0' ],
74 silly audit   columnify: [ '1.6.0' ],
74 silly audit   delegates: [ '1.0.0' ],
74 silly audit   encoding: [ '0.1.13' ],
74 silly audit   defaults: [ '1.0.3' ],
74 silly audit   'err-code': [ '2.0.3' ],
74 silly audit   'env-paths': [ '2.2.1' ],
74 silly audit   events: [ '3.3.0' ],
74 silly audit   'event-target-shim': [ '5.0.1' ],
74 silly audit   'fs-minipass': [ '2.1.0' ],
74 silly audit   'fastest-levenshtein': [ '1.0.16' ],
74 silly audit   'has-unicode': [ '2.0.1' ],
74 silly audit   'humanize-ms': [ '1.2.1' ],
74 silly audit   'http-proxy-agent': [ '5.0.0' ],
74 silly audit   'https-proxy-agent': [ '5.0.1' ],
74 silly audit   'http-cache-semantics': [ '4.1.0' ],
74 silly audit   'ignore-walk': [ '6.0.0' ],
74 silly audit   ini: [ '3.0.1' ],
74 silly audit   'indent-string': [ '4.0.0' ],
74 silly audit   'infer-owner': [ '1.0.4' ],
74 silly audit   'is-core-module': [ '2.10.0' ],
74 silly audit   'init-package-json': [ '4.0.1' ],
74 silly audit   'hosted-git-info': [ '6.1.1' ],
74 silly audit   'is-cidr': [ '4.0.2' ],
74 silly audit   'json-parse-even-better-errors': [ '3.0.0' ],
74 silly audit   'is-lambda': [ '1.0.1' ],
74 silly audit   'just-diff': [ '5.1.1' ],
74 silly audit   'json-stringify-nice': [ '1.1.4' ],
74 silly audit   'just-diff-apply': [ '5.4.1' ],
74 silly audit   libnpmfund: [ '4.0.5' ],
74 silly audit   libnpmexec: [ '5.0.5' ],
74 silly audit   libnpmdiff: [ '5.0.5' ],
74 silly audit   libnpmaccess: [ '7.0.0' ],
74 silly audit   libnpmhook: [ '9.0.0' ],
74 silly audit   jsonparse: [ '1.3.1' ],
74 silly audit   libnpmpublish: [ '7.0.5' ],
74 silly audit   libnpmpack: [ '5.0.5' ],
74 silly audit   libnpmsearch: [ '6.0.0' ],
74 silly audit   libnpmorg: [ '5.0.0' ],
74 silly audit   minipass: [ '3.3.4' ],
74 silly audit   libnpmteam: [ '5.0.0' ],
74 silly audit   'minipass-json-stream': [ '1.0.1' ],
74 silly audit   'minipass-flush': [ '1.0.5' ],
74 silly audit   'minipass-collect': [ '1.0.2' ],
74 silly audit   'minipass-pipeline': [ '1.2.4' ],
74 silly audit   mkdirp: [ '1.0.4' ],
74 silly audit   'minipass-sized': [ '1.0.3' ],
74 silly audit   minizlib: [ '2.1.2' ],
74 silly audit   'node-gyp': [ '9.3.0' ],
74 silly audit   '@npmcli/move-file': [ '2.0.1' ],
74 silly audit   'npm-audit-report': [ '4.0.0' ],
74 silly audit   'mute-stream': [ '0.0.8' ],
74 silly audit   libnpmversion: [ '4.0.1' ],
74 silly audit   'normalize-package-data': [ '5.0.0' ],
74 silly audit   'npm-bundled': [ '3.0.0' ],
74 silly audit   'npm-normalize-package-bin': [ '3.0.0' ],
74 silly audit   'npm-packlist': [ '7.0.2' ],
74 silly audit   'npm-install-checks': [ '6.0.0' ],
74 silly audit   'npm-package-arg': [ '10.0.0' ],
74 silly audit   'npm-pick-manifest': [ '8.0.1' ],
74 silly audit   'p-map': [ '4.0.0' ],
74 silly audit   pacote: [ '15.0.6' ],
74 silly audit   'npm-registry-fetch': [ '14.0.2' ],
74 silly audit   'npm-user-validate': [ '1.0.1' ],
74 silly audit   'parse-conflict-json': [ '3.0.0' ],
74 silly audit   'proc-log': [ '3.0.0' ],
74 silly audit   'npm-profile': [ '7.0.1' ],
74 silly audit   'promise-all-reject-late': [ '1.0.1' ],
74 silly audit   'postcss-selector-parser': [ '6.0.10' ],
74 silly audit   'promise-retry': [ '2.0.1' ],
74 silly audit   'promise-inflight': [ '1.0.1' ],
74 silly audit   'promise-call-limit': [ '1.0.1' ],
74 silly audit   'read-cmd-shim': [ '4.0.0' ],
74 silly audit   'qrcode-terminal': [ '0.12.0' ],
74 silly audit   process: [ '0.11.10' ],
74 silly audit   promzard: [ '0.3.0' ],
74 silly audit   'read-package-json-fast': [ '3.0.1' ],
74 silly audit   read: [ '1.0.7' ],
74 silly audit   'read-package-json': [ '6.0.0' ],
74 silly audit   retry: [ '0.12.0' ],
74 silly audit   'set-blocking': [ '2.0.0' ],
74 silly audit   'spdx-correct': [ '3.1.1' ],
74 silly audit   'spdx-exceptions': [ '2.3.0' ],
74 silly audit   'spdx-expression-parse': [ '3.0.1' ],
74 silly audit   'spdx-license-ids': [ '3.0.11' ],
74 silly audit   'socks-proxy-agent': [ '7.0.0' ],
74 silly audit   tar: [ '6.1.12' ],
74 silly audit   treeverse: [ '3.0.0' ],
74 silly audit   'util-deprecate': [ '1.0.2' ],
74 silly audit   'validate-npm-package-license': [ '3.0.4' ],
74 silly audit   'walk-up-path': [ '1.0.0' ],
74 silly audit   'tiny-relative-date': [ '1.3.0' ],
74 silly audit   'wide-align': [ '1.1.5' ],
74 silly audit   'validate-npm-package-name': [ '5.0.0' ],
74 silly audit   'write-file-atomic': [ '5.0.0' ],
74 silly audit   wcwidth: [ '1.0.1' ],
74 silly audit   '@npmcli/arborist': [ '6.1.4' ],
74 silly audit   '@colors/colors': [ '1.5.0' ],
74 silly audit   '@isaacs/string-locale-compare': [ '1.1.0' ],
74 silly audit   '@npmcli/config': [ '6.1.0' ],
74 silly audit   '@npmcli/git': [ '4.0.3' ],
74 silly audit   '@npmcli/metavuln-calculator': [ '5.0.0' ],
74 silly audit   '@gar/promisify': [ '1.1.3' ],
74 silly audit   '@npmcli/map-workspaces': [ '3.0.0' ],
74 silly audit   '@npmcli/disparity-colors': [ '3.0.0' ],
74 silly audit   '@npmcli/promise-spawn': [ '6.0.1' ],
74 silly audit   '@npmcli/installed-package-contents': [ '2.0.1' ],
74 silly audit   '@npmcli/package-json': [ '3.0.0' ],
74 silly audit   '@npmcli/name-from-folder': [ '1.0.1' ],
74 silly audit   '@npmcli/node-gyp': [ '3.0.0' ],
74 silly audit   '@npmcli/query': [ '3.0.0' ],
74 silly audit   '@npmcli/run-script': [ '6.0.0' ],
74 silly audit   '@tootallnate/once': [ '2.0.0' ]
74 silly audit }
75 silly tarball no local data for reduce-component@https://registry.npmjs.com/reduce-component/-/reduce-component-1.0.1.tgz. Extracting by manifest.
76 silly tarball no local data for is-ip@https://registry.npmjs.com/is-ip/-/is-ip-1.0.0.tgz. Extracting by manifest.
77 silly tarball no local data for ip-regex@https://registry.npmjs.com/ip-regex/-/ip-regex-1.0.3.tgz. Extracting by manifest.
78 silly tarball no local data for chai-http@https://registry.npmjs.com/chai-http/-/chai-http-2.0.1.tgz. Extracting by manifest.
79 silly tarball no local data for extend@https://registry.npmjs.com/extend/-/extend-1.2.1.tgz. Extracting by manifest.
80 silly tarball no local data for core-util-is@https://registry.npmjs.com/core-util-is/-/core-util-is-1.0.3.tgz. Extracting by manifest.
81 silly tarball no local data for async@https://registry.npmjs.com/async/-/async-0.9.2.tgz. Extracting by manifest.
82 silly tarball no local data for readable-stream@https://registry.npmjs.com/readable-stream/-/readable-stream-1.0.27-1.tgz. Extracting by manifest.
83 silly tarball no local data for bcryptjs@https://registry.npmjs.com/bcryptjs/-/bcryptjs-2.4.3.tgz. Extracting by manifest.
84 silly tarball no local data for superagent@https://registry.npmjs.com/superagent/-/superagent-1.2.0.tgz. Extracting by manifest.
85 silly tarball no local data for string_decoder@https://registry.npmjs.com/string_decoder/-/string_decoder-0.10.31.tgz. Extracting by manifest.
86 silly tarball no local data for mime-types@https://registry.npmjs.com/mime-types/-/mime-types-2.0.14.tgz. Extracting by manifest.
87 silly tarball no local data for qs@https://registry.npmjs.com/qs/-/qs-2.0.0.tgz. Extracting by manifest.
88 silly tarball no local data for mime-db@https://registry.npmjs.com/mime-db/-/mime-db-1.12.0.tgz. Extracting by manifest.
89 silly tarball no local data for mime@https://registry.npmjs.com/mime/-/mime-1.3.4.tgz. Extracting by manifest.
90 silly tarball no local data for delayed-stream@https://registry.npmjs.com/delayed-stream/-/delayed-stream-0.0.5.tgz. Extracting by manifest.
91 silly tarball no local data for methods@https://registry.npmjs.com/methods/-/methods-0.0.1.tgz. Extracting by manifest.
92 silly tarball no local data for formidable@https://registry.npmjs.com/formidable/-/formidable-1.0.14.tgz. Extracting by manifest.
93 silly tarball no local data for form-data@https://registry.npmjs.com/form-data/-/form-data-0.2.0.tgz. Extracting by manifest.
94 silly tarball no local data for qs@https://registry.npmjs.com/qs/-/qs-2.3.3.tgz. Extracting by manifest.
95 silly tarball no local data for component-emitter@https://registry.npmjs.com/component-emitter/-/component-emitter-1.1.2.tgz. Extracting by manifest.
96 silly tarball no local data for cookiejar@https://registry.npmjs.com/cookiejar/-/cookiejar-2.0.1.tgz. Extracting by manifest.
97 silly tarball no local data for combined-stream@https://registry.npmjs.com/combined-stream/-/combined-stream-0.0.7.tgz. Extracting by manifest.
98 silly tarball no local data for cookiejar@https://registry.npmjs.com/cookiejar/-/cookiejar-2.0.6.tgz. Extracting by manifest.
99 silly tarball no local data for methods@https://registry.npmjs.com/methods/-/methods-1.0.1.tgz. Extracting by manifest.
100 http fetch GET 200 https://registry.npmjs.com/npm 3766ms (cache miss)
101 http fetch POST 200 https://registry.npmjs.com/-/npm/v1/security/advisories/bulk 333ms
102 timing auditReport:getReport Completed in 341ms
103 silly audit report {
103 silly audit report   cookiejar: [
103 silly audit report     {
103 silly audit report       id: 1088659,
103 silly audit report       url: 'https://github.com/advisories/GHSA-h452-7996-h45h',
103 silly audit report       title: 'cookiejar Regular Expression Denial of Service via Cookie.parse function',
103 silly audit report       severity: 'moderate',
103 silly audit report       vulnerable_versions: '<2.1.4',
103 silly audit report       cwe: [Array],
103 silly audit report       cvss: [Object]
103 silly audit report     }
103 silly audit report   ],
103 silly audit report   mime: [
103 silly audit report     {
103 silly audit report       id: 1090995,
103 silly audit report       url: 'https://github.com/advisories/GHSA-wrvr-8mpx-r7pp',
103 silly audit report       title: 'mime Regular Expression Denial of Service when mime lookup performed on untrusted user input',
103 silly audit report       severity: 'moderate',
103 silly audit report       vulnerable_versions: '<1.4.1',
103 silly audit report       cwe: [Array],
103 silly audit report       cvss: [Object]
103 silly audit report     }
103 silly audit report   ],
103 silly audit report   qs: [
103 silly audit report     {
103 silly audit report       id: 1090132,
103 silly audit report       url: 'https://github.com/advisories/GHSA-hrpp-h998-j3pp',
103 silly audit report       title: 'qs vulnerable to Prototype Pollution',
103 silly audit report       severity: 'high',
103 silly audit report       vulnerable_versions: '<6.2.4',
103 silly audit report       cwe: [Array],
103 silly audit report       cvss: [Object]
103 silly audit report     },
103 silly audit report     {
103 silly audit report       id: 1090139,
103 silly audit report       url: 'https://github.com/advisories/GHSA-hrpp-h998-j3pp',
103 silly audit report       title: 'qs vulnerable to Prototype Pollution',
103 silly audit report       severity: 'high',
103 silly audit report       vulnerable_versions: '>=6.9.0 <6.9.7',
103 silly audit report       cwe: [Array],
103 silly audit report       cvss: [Object]
103 silly audit report     },
103 silly audit report     {
103 silly audit report       id: 1087527,
103 silly audit report       url: 'https://github.com/advisories/GHSA-gqgv-6jq5-jjj9',
103 silly audit report       title: 'Prototype Pollution Protection Bypass in qs',
103 silly audit report       severity: 'high',
103 silly audit report       vulnerable_versions: '<6.0.4',
103 silly audit report       cwe: [Array],
103 silly audit report       cvss: [Object]
103 silly audit report     }
103 silly audit report   ],
103 silly audit report   superagent: [
103 silly audit report     {
103 silly audit report       id: 1090919,
103 silly audit report       url: 'https://github.com/advisories/GHSA-8225-6cvr-8pqp',
103 silly audit report       title: 'Large gzip Denial of Service in superagent',
103 silly audit report       severity: 'low',
103 silly audit report       vulnerable_versions: '<3.7.0',
103 silly audit report       cwe: [Array],
103 silly audit report       cvss: [Object]
103 silly audit report     }
103 silly audit report   ],
103 silly audit report   extend: [
103 silly audit report     {
103 silly audit report       id: 1087632,
103 silly audit report       url: 'https://github.com/advisories/GHSA-qrmc-fj45-qfc2',
103 silly audit report       title: 'Prototype Pollution in extend',
103 silly audit report       severity: 'moderate',
103 silly audit report       vulnerable_versions: '<2.0.2',
103 silly audit report       cwe: [Array],
103 silly audit report       cvss: [Object]
103 silly audit report     }
103 silly audit report   ],
103 silly audit report   'http-cache-semantics': [
103 silly audit report     {
103 silly audit report       id: 1090532,
103 silly audit report       url: 'https://github.com/advisories/GHSA-rc47-6667-2j5j',
103 silly audit report       title: 'http-cache-semantics vulnerable to Regular Expression Denial of Service',
103 silly audit report       severity: 'high',
103 silly audit report       vulnerable_versions: '<4.1.1',
103 silly audit report       cwe: [Array],
103 silly audit report       cvss: [Object]
103 silly audit report     }
103 silly audit report   ]
103 silly audit report }
104 timing metavuln:cache:get:security-advisory:cookiejar:20tDwH6fYKn++PbMnx2tUulmtbaV/gdoUXXQX3IJ8Qzg+tx34k0HmLCCRQ68aR/TWyVmR5LbQdagWrak8dhhtw== Completed in 137ms
105 timing metavuln:cache:get:security-advisory:qs:tsBSGxcDBc91tzRrGNTNy0WD87jfUSVjweMFLD7OiNZ1YM2uEaWarkPWUfw8braWo2SrSKIC7Yi/9Odi8zjvkw== Completed in 135ms
106 timing metavuln:cache:get:security-advisory:mime:w2U6IST5Dr/xKi/SjpEmNZfNJoPkp7/Ug7HaaxNGong1ctVOPF2bMmjfOBpbxPw4oRua6M2uTXXNINf96QKb7w== Completed in 138ms
107 timing metavuln:cache:get:security-advisory:qs:+U6KexMbYyQZCcG0GIWzQxqGoHilv3BdNqu84xlQGG/9ofvsYUo5l+CVVfv/YmMRzNE6P/pukp6jJCTivgH7Zg== Completed in 137ms
108 timing metavuln:cache:get:security-advisory:qs:Ep2n85L+dRCmkbbV0iUVy3iIfKCcx9A3zAztRBicW75HPyjBZvL8BtcD08BWPHxSQB1zYZWjEaBb0GI3KDUKSw== Completed in 139ms
109 timing metavuln:cache:get:security-advisory:superagent:lcT398WUSrR9t2E2g365qPyVsaOxEHQ0+mbA5V5q0Vikkt6DUUXu63iDXHU4X0IIc5h6ymNLe0vecP4/hzielQ== Completed in 141ms
110 timing metavuln:cache:get:security-advisory:http-cache-semantics:RZkip6EYJtyEt/UL3+okkoXm+B53JgBI1sYCHIB0OBaifpHyBIKE6OFHLGc/tWG9l9E9gUJf1PslcXfSi2KE9Q== Completed in 135ms
111 timing metavuln:cache:get:security-advisory:extend:ey0s4xXFtFi7V2OYDwxwuqJANnYo5SEFAGU8xyWN4Pq4MXyMUWq2z+TyB1/apwDfPRelI43yncf9au7xZN1zQA== Completed in 139ms
112 http fetch GET 200 https://registry.npmjs.com/is-ip/-/is-ip-1.0.0.tgz 922ms (cache miss)
113 timing reifyNode:node_modules/is-ip Completed in 973ms
114 http fetch GET 200 https://registry.npmjs.com/extend/-/extend-1.2.1.tgz 1020ms (cache miss)
115 timing reifyNode:node_modules/extend Completed in 1078ms
116 http fetch GET 200 https://registry.npmjs.com/ip-regex/-/ip-regex-1.0.3.tgz 1074ms (cache miss)
117 timing reifyNode:node_modules/ip-regex Completed in 1128ms
118 http fetch GET 200 https://registry.npmjs.com/reduce-component/-/reduce-component-1.0.1.tgz 1143ms (cache miss)
119 timing reifyNode:node_modules/reduce-component Completed in 1195ms
120 http fetch GET 200 https://registry.npmjs.com/methods/-/methods-0.0.1.tgz 1148ms (cache miss)
121 timing reifyNode:node_modules/chai-http/node_modules/methods Completed in 1223ms
122 http fetch GET 200 https://registry.npmjs.com/cookiejar/-/cookiejar-2.0.1.tgz 1204ms (cache miss)
123 timing reifyNode:node_modules/chai-http/node_modules/superagent/node_modules/cookiejar Completed in 1295ms
124 http fetch GET 200 https://registry.npmjs.com/string_decoder/-/string_decoder-0.10.31.tgz 1241ms (cache miss)
125 timing reifyNode:node_modules/chai-http/node_modules/string_decoder Completed in 1308ms
126 http fetch GET 200 https://registry.npmjs.com/mime-types/-/mime-types-2.0.14.tgz 1241ms (cache miss)
127 timing reifyNode:node_modules/chai-http/node_modules/mime-types Completed in 1309ms
128 http fetch GET 200 https://registry.npmjs.com/core-util-is/-/core-util-is-1.0.3.tgz 1255ms (cache miss)
129 timing reifyNode:node_modules/core-util-is Completed in 1313ms
130 http fetch GET 200 https://registry.npmjs.com/combined-stream/-/combined-stream-0.0.7.tgz 1261ms (cache miss)
131 timing reifyNode:node_modules/chai-http/node_modules/combined-stream Completed in 1360ms
132 http fetch GET 200 https://registry.npmjs.com/component-emitter/-/component-emitter-1.1.2.tgz 1276ms (cache miss)
133 timing reifyNode:node_modules/chai-http/node_modules/component-emitter Completed in 1362ms
134 http fetch GET 200 https://registry.npmjs.com/cookiejar/-/cookiejar-2.0.6.tgz 1269ms (cache miss)
135 timing reifyNode:node_modules/chai-http/node_modules/cookiejar Completed in 1392ms
136 http fetch GET 200 https://registry.npmjs.com/form-data/-/form-data-0.2.0.tgz 1351ms (cache miss)
137 timing reifyNode:node_modules/chai-http/node_modules/form-data Completed in 1429ms
138 http fetch GET 200 https://registry.npmjs.com/delayed-stream/-/delayed-stream-0.0.5.tgz 1358ms (cache miss)
139 http fetch GET 200 https://registry.npmjs.com/extend 1217ms (cache miss)
140 timing metavuln:packument:extend Completed in 1219ms
141 timing metavuln:load:security-advisory:extend:1087632 Completed in 2ms
142 http fetch GET 200 https://registry.npmjs.com/methods/-/methods-1.0.1.tgz 1443ms (cache miss)
143 timing reifyNode:node_modules/chai-http/node_modules/superagent/node_modules/methods Completed in 1587ms
144 timing reifyNode:node_modules/chai-http/node_modules/delayed-stream Completed in 1586ms
145 http fetch GET 200 https://registry.npmjs.com/cookiejar 1334ms (cache miss)
146 timing metavuln:packument:cookiejar Completed in 1337ms
147 timing metavuln:load:security-advisory:cookiejar:1088659 Completed in 0ms
148 http fetch GET 200 https://registry.npmjs.com/async/-/async-0.9.2.tgz 1756ms (cache miss)
149 timing reifyNode:node_modules/async Completed in 1816ms
150 http fetch GET 200 https://registry.npmjs.com/qs/-/qs-2.0.0.tgz 1751ms (cache miss)
151 timing reifyNode:node_modules/chai-http/node_modules/qs Completed in 1821ms
152 http fetch GET 200 https://registry.npmjs.com/http-cache-semantics 1495ms (cache miss)
153 timing metavuln:packument:http-cache-semantics Completed in 1497ms
154 timing metavuln:load:security-advisory:http-cache-semantics:1090532 Completed in 1ms
155 http fetch GET 200 https://registry.npmjs.com/mime/-/mime-1.3.4.tgz 1777ms (cache miss)
156 timing reifyNode:node_modules/chai-http/node_modules/mime Completed in 1851ms
157 http fetch GET 200 https://registry.npmjs.com/mime-db/-/mime-db-1.12.0.tgz 1790ms (cache miss)
158 timing reifyNode:node_modules/chai-http/node_modules/mime-db Completed in 1862ms
159 http fetch GET 200 https://registry.npmjs.com/readable-stream/-/readable-stream-1.0.27-1.tgz 1811ms (cache miss)
160 timing reifyNode:node_modules/chai-http/node_modules/readable-stream Completed in 1875ms
161 http fetch GET 200 https://registry.npmjs.com/mime 1572ms (cache miss)
162 timing metavuln:packument:mime Completed in 1574ms
163 timing metavuln:load:security-advisory:mime:1090995 Completed in 1ms
164 http fetch GET 200 https://registry.npmjs.com/qs/-/qs-2.3.3.tgz 1830ms (cache miss)
165 timing reifyNode:node_modules/chai-http/node_modules/superagent/node_modules/qs Completed in 1914ms
166 timing metavuln:cache:put:security-advisory:extend:ey0s4xXFtFi7V2OYDwxwuqJANnYo5SEFAGU8xyWN4Pq4MXyMUWq2z+TyB1/apwDfPRelI43yncf9au7xZN1zQA== Completed in 344ms
167 timing metavuln:calculate:security-advisory:extend:1087632 Completed in 1570ms
168 http fetch GET 200 https://registry.npmjs.com/qs 1579ms (cache miss)
169 timing metavuln:packument:qs Completed in 1585ms
170 timing metavuln:load:security-advisory:qs:1090132 Completed in 3ms
171 timing metavuln:load:security-advisory:qs:1090139 Completed in 2ms
172 timing metavuln:load:security-advisory:qs:1087527 Completed in 10ms
173 timing metavuln:cache:put:security-advisory:cookiejar:20tDwH6fYKn++PbMnx2tUulmtbaV/gdoUXXQX3IJ8Qzg+tx34k0HmLCCRQ68aR/TWyVmR5LbQdagWrak8dhhtw== Completed in 280ms
174 timing metavuln:calculate:security-advisory:cookiejar:1088659 Completed in 1638ms
175 timing metavuln:cache:put:security-advisory:http-cache-semantics:RZkip6EYJtyEt/UL3+okkoXm+B53JgBI1sYCHIB0OBaifpHyBIKE6OFHLGc/tWG9l9E9gUJf1PslcXfSi2KE9Q== Completed in 244ms
176 timing metavuln:calculate:security-advisory:http-cache-semantics:1090532 Completed in 1743ms
177 http fetch GET 200 https://registry.npmjs.com/superagent/-/superagent-1.2.0.tgz 2068ms (cache miss)
178 timing metavuln:cache:put:security-advisory:mime:w2U6IST5Dr/xKi/SjpEmNZfNJoPkp7/Ug7HaaxNGong1ctVOPF2bMmjfOBpbxPw4oRua6M2uTXXNINf96QKb7w== Completed in 241ms
179 timing metavuln:calculate:security-advisory:mime:1090995 Completed in 1819ms
180 timing metavuln:cache:put:security-advisory:qs:tsBSGxcDBc91tzRrGNTNy0WD87jfUSVjweMFLD7OiNZ1YM2uEaWarkPWUfw8braWo2SrSKIC7Yi/9Odi8zjvkw== Completed in 234ms
181 timing metavuln:calculate:security-advisory:qs:1090132 Completed in 1822ms
182 timing metavuln:cache:put:security-advisory:qs:+U6KexMbYyQZCcG0GIWzQxqGoHilv3BdNqu84xlQGG/9ofvsYUo5l+CVVfv/YmMRzNE6P/pukp6jJCTivgH7Zg== Completed in 232ms
183 timing metavuln:calculate:security-advisory:qs:1090139 Completed in 1823ms
184 timing metavuln:cache:put:security-advisory:qs:Ep2n85L+dRCmkbbV0iUVy3iIfKCcx9A3zAztRBicW75HPyjBZvL8BtcD08BWPHxSQB1zYZWjEaBb0GI3KDUKSw== Completed in 227ms
185 timing metavuln:calculate:security-advisory:qs:1087527 Completed in 1827ms
186 warn deprecated superagent@1.2.0: Please upgrade to v7.0.2+ of superagent.  We have fixed numerous issues with streams, form-data, attach(), filesystem errors not bubbling up (ENOENT on attach()), and all tests are now passing.  See the releases tab for more information at <https://github.com/visionmedia/superagent/releases>.
187 timing reifyNode:node_modules/chai-http/node_modules/superagent Completed in 2170ms
188 http fetch GET 200 https://registry.npmjs.com/chai-http/-/chai-http-2.0.1.tgz 2146ms (cache miss)
189 timing reifyNode:node_modules/chai-http Completed in 2203ms
190 http fetch GET 200 https://registry.npmjs.com/superagent 1929ms (cache miss)
191 timing metavuln:packument:superagent Completed in 1939ms
192 timing metavuln:load:security-advisory:superagent:1090919 Completed in 8ms
193 http fetch GET 200 https://registry.npmjs.com/bcryptjs/-/bcryptjs-2.4.3.tgz 2295ms (cache miss)
194 timing reifyNode:node_modules/bcryptjs Completed in 2358ms
195 timing metavuln:cache:put:security-advisory:superagent:lcT398WUSrR9t2E2g365qPyVsaOxEHQ0+mbA5V5q0Vikkt6DUUXu63iDXHU4X0IIc5h6ymNLe0vecP4/hzielQ== Completed in 94ms
196 timing metavuln:calculate:security-advisory:superagent:1090919 Completed in 2044ms
197 http fetch GET 200 https://registry.npmjs.com/formidable/-/formidable-1.0.14.tgz 2309ms (cache miss)
198 warn deprecated formidable@1.0.14: Please upgrade to latest, formidable@v2 or formidable@v3! Check these notes: https://bit.ly/2ZEqIau
199 timing reifyNode:node_modules/chai-http/node_modules/formidable Completed in 2387ms
200 timing reify:unpack Completed in 2390ms
201 timing reify:unretire Completed in 1ms
202 timing metavuln:cache:get:security-advisory:chai-http:hvPscEH/lbDrzlsb94gA7/+bSGB9MxPGGiZdjv04mmD+UfxUf8aScEiGD7E+gjh4EGyIhStxu8+TfEitCOzqhg== Completed in 8ms
203 timing metavuln:cache:get:security-advisory:superagent:v4XmEgjuBkBpiLo5I4SV16ElFl6TaCr+4OWq2jQCfpSR7t3vq29GwZ0D254lhsBHl/TfClBSkZa7fTu13c0xtQ== Completed in 8ms
204 timing metavuln:load:security-advisory:superagent:20tDwH6fYKn++PbMnx2tUulmtbaV/gdoUXXQX3IJ8Qzg+tx34k0HmLCCRQ68aR/TWyVmR5LbQdagWrak8dhhtw== Completed in 16ms
205 timing build:queue Completed in 20ms
206 timing build:link:node_modules/chai-http/node_modules/mime Completed in 25ms
207 timing build:link Completed in 25ms
208 timing build:deps Completed in 47ms
209 timing build Completed in 47ms
210 timing reify:build Completed in 48ms
211 timing metavuln:cache:put:security-advisory:superagent:v4XmEgjuBkBpiLo5I4SV16ElFl6TaCr+4OWq2jQCfpSR7t3vq29GwZ0D254lhsBHl/TfClBSkZa7fTu13c0xtQ== Completed in 622ms
212 timing metavuln:calculate:security-advisory:superagent:20tDwH6fYKn++PbMnx2tUulmtbaV/gdoUXXQX3IJ8Qzg+tx34k0HmLCCRQ68aR/TWyVmR5LbQdagWrak8dhhtw== Completed in 646ms
213 timing reify:trash Completed in 1138ms
214 timing reify:save Completed in 248ms
215 http fetch GET 200 https://registry.npmjs.com/chai-http 1530ms (cache miss)
216 timing metavuln:packument:chai-http Completed in 1532ms
217 timing metavuln:load:security-advisory:chai-http:20tDwH6fYKn++PbMnx2tUulmtbaV/gdoUXXQX3IJ8Qzg+tx34k0HmLCCRQ68aR/TWyVmR5LbQdagWrak8dhhtw== Completed in 1ms
218 timing metavuln:cache:put:security-advisory:chai-http:hvPscEH/lbDrzlsb94gA7/+bSGB9MxPGGiZdjv04mmD+UfxUf8aScEiGD7E+gjh4EGyIhStxu8+TfEitCOzqhg== Completed in 76ms
219 timing metavuln:calculate:security-advisory:chai-http:20tDwH6fYKn++PbMnx2tUulmtbaV/gdoUXXQX3IJ8Qzg+tx34k0HmLCCRQ68aR/TWyVmR5LbQdagWrak8dhhtw== Completed in 1614ms
220 timing metavuln:cache:get:security-advisory:superagent:xsLPl/3NsjOgAGPSX01D8QYwfXDtdTjZaSKgyDTimKZyeKb1NjDfZjwTPhcsyto8yKdxK1QDb7eCHCiTBNT7zg== Completed in 1ms
221 timing metavuln:load:security-advisory:superagent:w2U6IST5Dr/xKi/SjpEmNZfNJoPkp7/Ug7HaaxNGong1ctVOPF2bMmjfOBpbxPw4oRua6M2uTXXNINf96QKb7w== Completed in 7ms
222 timing metavuln:cache:put:security-advisory:superagent:xsLPl/3NsjOgAGPSX01D8QYwfXDtdTjZaSKgyDTimKZyeKb1NjDfZjwTPhcsyto8yKdxK1QDb7eCHCiTBNT7zg== Completed in 65ms
223 timing metavuln:calculate:security-advisory:superagent:w2U6IST5Dr/xKi/SjpEmNZfNJoPkp7/Ug7HaaxNGong1ctVOPF2bMmjfOBpbxPw4oRua6M2uTXXNINf96QKb7w== Completed in 78ms
224 timing metavuln:cache:get:security-advisory:superagent:5HiJG93UrAKIhmlnVBtIv9OJozBxWPLedhjTOiSXJ12HAFHFqO7drjfioeigJ31GOI834qKlkny8N/HH1hNEhA== Completed in 1ms
225 timing metavuln:load:security-advisory:superagent:tsBSGxcDBc91tzRrGNTNy0WD87jfUSVjweMFLD7OiNZ1YM2uEaWarkPWUfw8braWo2SrSKIC7Yi/9Odi8zjvkw== Completed in 18ms
226 timing metavuln:cache:get:security-advisory:chai-http:dwtvOdFOYW0AynJEK8y1RX9r9BSGOdstVSZ4o22jbzSpdbikhE5BehQDLjvVOHbNMZoIiI1YWsv2YuYJSGUayQ== Completed in 20ms
227 timing metavuln:load:security-advisory:chai-http:tsBSGxcDBc91tzRrGNTNy0WD87jfUSVjweMFLD7OiNZ1YM2uEaWarkPWUfw8braWo2SrSKIC7Yi/9Odi8zjvkw== Completed in 1ms
228 timing metavuln:cache:put:security-advisory:superagent:5HiJG93UrAKIhmlnVBtIv9OJozBxWPLedhjTOiSXJ12HAFHFqO7drjfioeigJ31GOI834qKlkny8N/HH1hNEhA== Completed in 57ms
229 timing metavuln:calculate:security-advisory:superagent:tsBSGxcDBc91tzRrGNTNy0WD87jfUSVjweMFLD7OiNZ1YM2uEaWarkPWUfw8braWo2SrSKIC7Yi/9Odi8zjvkw== Completed in 77ms
230 timing metavuln:cache:put:security-advisory:chai-http:dwtvOdFOYW0AynJEK8y1RX9r9BSGOdstVSZ4o22jbzSpdbikhE5BehQDLjvVOHbNMZoIiI1YWsv2YuYJSGUayQ== Completed in 55ms
231 timing metavuln:calculate:security-advisory:chai-http:tsBSGxcDBc91tzRrGNTNy0WD87jfUSVjweMFLD7OiNZ1YM2uEaWarkPWUfw8braWo2SrSKIC7Yi/9Odi8zjvkw== Completed in 78ms
232 timing metavuln:cache:get:security-advisory:formidable:ysS074Bi/d2LZd9TSbio0e4nSnKsQjlkCJlisHx5fZz5cnGpKkIyIZAeN8pN4nrhM19ijepZS0xTbXXYKVayQA== Completed in 1ms
233 http fetch GET 200 https://registry.npmjs.com/formidable 170ms (cache miss)
234 timing metavuln:packument:formidable Completed in 173ms
235 timing metavuln:load:security-advisory:formidable:+U6KexMbYyQZCcG0GIWzQxqGoHilv3BdNqu84xlQGG/9ofvsYUo5l+CVVfv/YmMRzNE6P/pukp6jJCTivgH7Zg== Completed in 3ms
236 timing metavuln:cache:put:security-advisory:formidable:ysS074Bi/d2LZd9TSbio0e4nSnKsQjlkCJlisHx5fZz5cnGpKkIyIZAeN8pN4nrhM19ijepZS0xTbXXYKVayQA== Completed in 65ms
237 timing metavuln:calculate:security-advisory:formidable:+U6KexMbYyQZCcG0GIWzQxqGoHilv3BdNqu84xlQGG/9ofvsYUo5l+CVVfv/YmMRzNE6P/pukp6jJCTivgH7Zg== Completed in 243ms
238 timing metavuln:cache:get:security-advisory:chai-http:SX8iCVCtueZfc7NqJZW1COcAw9t5FWOXfE2ew07hYZDqbEYE15t/vkYHq85OYnK5CX2ZOj6IwDHdKwhENNC6bQ== Completed in 2ms
239 timing metavuln:load:security-advisory:chai-http:lcT398WUSrR9t2E2g365qPyVsaOxEHQ0+mbA5V5q0Vikkt6DUUXu63iDXHU4X0IIc5h6ymNLe0vecP4/hzielQ== Completed in 4ms
240 timing metavuln:cache:put:security-advisory:chai-http:SX8iCVCtueZfc7NqJZW1COcAw9t5FWOXfE2ew07hYZDqbEYE15t/vkYHq85OYnK5CX2ZOj6IwDHdKwhENNC6bQ== Completed in 51ms
241 timing metavuln:calculate:security-advisory:chai-http:lcT398WUSrR9t2E2g365qPyVsaOxEHQ0+mbA5V5q0Vikkt6DUUXu63iDXHU4X0IIc5h6ymNLe0vecP4/hzielQ== Completed in 63ms
242 timing metavuln:cache:get:security-advisory:superagent:SkwLqHnBX2viNipiYm5w098giiinTRySa2PCVjpJ6U3W4nzV0NkxkQF+aq/4Arvc+V2ZSIZ3/bVQiUztl2RqTg== Completed in 2ms
243 timing metavuln:load:security-advisory:superagent:ey0s4xXFtFi7V2OYDwxwuqJANnYo5SEFAGU8xyWN4Pq4MXyMUWq2z+TyB1/apwDfPRelI43yncf9au7xZN1zQA== Completed in 4ms
244 timing metavuln:cache:put:security-advisory:superagent:SkwLqHnBX2viNipiYm5w098giiinTRySa2PCVjpJ6U3W4nzV0NkxkQF+aq/4Arvc+V2ZSIZ3/bVQiUztl2RqTg== Completed in 56ms
245 timing metavuln:calculate:security-advisory:superagent:ey0s4xXFtFi7V2OYDwxwuqJANnYo5SEFAGU8xyWN4Pq4MXyMUWq2z+TyB1/apwDfPRelI43yncf9au7xZN1zQA== Completed in 64ms
246 timing metavuln:cache:get:security-advisory:make-fetch-happen:acd5X/o1wwA5XmI3eSd+VgHvQQR1qHk2is8AGNIs/z44l0WEkx1GoCLQRfOFxkSipin/FajMG7jn5j9hhIE9Nw== Completed in 3ms
247 http fetch GET 200 https://registry.npmjs.com/make-fetch-happen 148ms (cache miss)
248 timing metavuln:packument:make-fetch-happen Completed in 152ms
249 timing metavuln:load:security-advisory:make-fetch-happen:RZkip6EYJtyEt/UL3+okkoXm+B53JgBI1sYCHIB0OBaifpHyBIKE6OFHLGc/tWG9l9E9gUJf1PslcXfSi2KE9Q== Completed in 3ms
250 timing metavuln:cache:put:security-advisory:make-fetch-happen:acd5X/o1wwA5XmI3eSd+VgHvQQR1qHk2is8AGNIs/z44l0WEkx1GoCLQRfOFxkSipin/FajMG7jn5j9hhIE9Nw== Completed in 40ms
251 timing metavuln:calculate:security-advisory:make-fetch-happen:RZkip6EYJtyEt/UL3+okkoXm+B53JgBI1sYCHIB0OBaifpHyBIKE6OFHLGc/tWG9l9E9gUJf1PslcXfSi2KE9Q== Completed in 196ms
252 timing metavuln:cache:get:security-advisory:superagent:42dv9e68YbljbjXH1OsMMaSLo3qLOXQH96fPznoIs4agls8YCHURX0IhW8MumNFw/QAtBU3qShH1Nolubc3+qA== Completed in 2ms
253 timing metavuln:load:security-advisory:superagent:ysS074Bi/d2LZd9TSbio0e4nSnKsQjlkCJlisHx5fZz5cnGpKkIyIZAeN8pN4nrhM19ijepZS0xTbXXYKVayQA== Completed in 5ms
254 timing metavuln:cache:put:security-advisory:superagent:42dv9e68YbljbjXH1OsMMaSLo3qLOXQH96fPznoIs4agls8YCHURX0IhW8MumNFw/QAtBU3qShH1Nolubc3+qA== Completed in 45ms
255 timing metavuln:calculate:security-advisory:superagent:ysS074Bi/d2LZd9TSbio0e4nSnKsQjlkCJlisHx5fZz5cnGpKkIyIZAeN8pN4nrhM19ijepZS0xTbXXYKVayQA== Completed in 53ms
256 timing auditReport:init Completed in 4442ms
257 timing reify:audit Completed in 4786ms
258 timing reify Completed in 8346ms
259 silly ADD node_modules/reduce-component
260 silly ADD node_modules/is-ip
261 silly ADD node_modules/ip-regex
262 silly ADD node_modules/extend
263 silly ADD node_modules/core-util-is
264 silly ADD node_modules/chai-http
265 silly ADD node_modules/chai-http/node_modules/superagent
266 silly ADD node_modules/chai-http/node_modules/superagent/node_modules/qs
267 silly ADD node_modules/chai-http/node_modules/superagent/node_modules/methods
268 silly ADD node_modules/chai-http/node_modules/superagent/node_modules/cookiejar
269 silly ADD node_modules/chai-http/node_modules/string_decoder
270 silly ADD node_modules/chai-http/node_modules/readable-stream
271 silly ADD node_modules/chai-http/node_modules/qs
272 silly ADD node_modules/chai-http/node_modules/mime-types
273 silly ADD node_modules/chai-http/node_modules/mime-db
274 silly ADD node_modules/chai-http/node_modules/mime
275 silly ADD node_modules/chai-http/node_modules/methods
276 silly ADD node_modules/chai-http/node_modules/formidable
277 silly ADD node_modules/chai-http/node_modules/form-data
278 silly ADD node_modules/chai-http/node_modules/delayed-stream
279 silly ADD node_modules/chai-http/node_modules/cookiejar
280 silly ADD node_modules/chai-http/node_modules/component-emitter
281 silly ADD node_modules/chai-http/node_modules/combined-stream
282 silly ADD node_modules/bcryptjs
283 silly ADD node_modules/async
284 silly REMOVE node_modules/@mapbox/node-pre-gyp
285 silly REMOVE node_modules/@mapbox/node-pre-gyp/node_modules/semver
286 silly REMOVE node_modules/@mapbox/node-pre-gyp/node_modules/nopt
287 silly REMOVE node_modules/wide-align
288 silly REMOVE node_modules/util-deprecate
289 silly REMOVE node_modules/tar
290 silly REMOVE node_modules/string_decoder
291 silly REMOVE node_modules/set-blocking
292 silly REMOVE node_modules/readable-stream
293 silly REMOVE node_modules/npmlog
294 silly REMOVE node_modules/node-fetch
295 silly REMOVE node_modules/node-fetch/node_modules/webidl-conversions
296 silly REMOVE node_modules/node-fetch/node_modules/tr46
297 silly REMOVE node_modules/node-fetch/node_modules/whatwg-url
298 silly REMOVE node_modules/node-addon-api
299 silly REMOVE node_modules/mkdirp
300 silly REMOVE node_modules/minipass
301 silly REMOVE node_modules/minizlib
302 silly REMOVE node_modules/minizlib/node_modules/minipass
303 silly REMOVE node_modules/https-proxy-agent
304 silly REMOVE node_modules/https-proxy-agent/node_modules/debug
305 silly REMOVE node_modules/https-proxy-agent/node_modules/ms
306 silly REMOVE node_modules/has-unicode
307 silly REMOVE node_modules/gauge
308 silly REMOVE node_modules/fs-minipass
309 silly REMOVE node_modules/fs-minipass/node_modules/minipass
310 silly REMOVE node_modules/detect-libc
311 silly REMOVE node_modules/delegates
312 silly REMOVE node_modules/console-control-strings
313 silly REMOVE node_modules/color-support
314 silly REMOVE node_modules/chownr
315 silly REMOVE node_modules/bcrypt
316 silly REMOVE node_modules/aproba
317 silly REMOVE node_modules/are-we-there-yet
318 silly REMOVE node_modules/agent-base
319 silly REMOVE node_modules/agent-base/node_modules/debug
320 silly REMOVE node_modules/agent-base/node_modules/ms
321 timing command:install Completed in 8396ms
322 notice
322 notice New minor version of npm available! 9.1.3 -> 9.5.1
322 notice Changelog: <https://github.com/npm/cli/releases/tag/v9.5.1>
322 notice Run `npm install -g npm@9.5.1` to update!
322 notice
323 verbose exit 0
324 timing npm Completed in 8993ms
325 info ok
