0 verbose cli /usr/bin/node /opt/app-root/src/node_modules/.bin/npm
1 info using npm@9.1.3
2 info using node@v18.12.1
3 timing npm:load:whichnode Completed in 1ms
4 timing config:load:defaults Completed in 1ms
5 timing config:load:file:/opt/app-root/src/node_modules/npm/npmrc Completed in 2ms
6 timing config:load:builtin Completed in 2ms
7 timing config:load:cli Completed in 2ms
8 timing config:load:env Completed in 0ms
9 timing config:load:project Completed in 5ms
10 timing config:load:file:/opt/app-root/src/.npmrc Completed in 2ms
11 timing config:load:user Completed in 2ms
12 timing config:load:file:/opt/app-root/src/.npm-global/etc/npmrc Completed in 1ms
13 timing config:load:global Completed in 1ms
14 timing config:load:setEnvs Completed in 1ms
15 timing config:load Completed in 14ms
16 timing npm:load:configload Completed in 14ms
17 timing npm:load:mkdirpcache Completed in 1ms
18 timing npm:load:mkdirplogs Completed in 2ms
19 verbose title npm run test
20 verbose argv "run" "test"
21 timing npm:load:setTitle Completed in 1ms
22 timing config:load:flatten Completed in 2ms
23 timing npm:load:display Completed in 3ms
24 verbose logfile logs-max:10 dir:/opt/app-root/src/.npm/_logs/2023-02-20T22_24_27_079Z-
25 verbose logfile /opt/app-root/src/.npm/_logs/2023-02-20T22_24_27_079Z-debug-0.log
26 timing npm:load:logFile Completed in 665ms
27 timing npm:load:timers Completed in 0ms
28 timing npm:load:configScope Completed in 0ms
29 timing npm:load Completed in 688ms
30 silly logfile start cleaning logs, removing 1 files
31 timing config:load:flatten Completed in 1ms
32 silly logfile done cleaning log files
33 timing command:run Completed in 17817ms
34 verbose exit 2
35 timing npm Completed in 18637ms
36 verbose code 2
